Start testing: Mar 21 17:53 UTC
----------------------------------------------------------
1/23 Testing: common_routing_algorithms_test
1/23 Test: common_routing_algorithms_test
Command: "/home/buitruongnhatquang-23521276/libsnark/build/libsnark/common_routing_algorithms_test"
Directory: /home/buitruongnhatquang-23521276/libsnark/build/libsnark
"common_routing_algorithms_test" start time: Mar 21 17:53 UTC
Output:
----------------------------------------------------------
Reset time counters for profiling
(enter) Test routing algorithms            	[             ]	(0.0001s x0.19 from start)
  (enter) Test Benes network routing algorithm	[             ]	(0.0001s x0.57 from start)
    * for all permutations on 8 elements
  (leave) Test Benes network routing algorithm	[0.0680s x1.02]	(0.0681s x1.02 from start)
  (enter) Test AS-Waksman network routing algorithm	[             ]	(0.0681s x1.02 from start)
    * for all permutations on 2 elements
    * for all permutations on 3 elements
    * for all permutations on 4 elements
    * for all permutations on 5 elements
    * for all permutations on 6 elements
    * for all permutations on 7 elements
    * for all permutations on 8 elements
    * for all permutations on 9 elements
  (leave) Test AS-Waksman network routing algorithm	[0.6684s x1.02]	(0.7365s x1.02 from start)
(leave) Test routing algorithms            	[0.7365s x1.02]	(0.7365s x1.02 from start)
<end of output>
Test time =   0.74 sec
----------------------------------------------------------
Test Passed.
"common_routing_algorithms_test" end time: Mar 21 17:53 UTC
"common_routing_algorithms_test" time elapsed: 00:00:00
----------------------------------------------------------

2/23 Testing: gadgetlib1_simple_test
2/23 Test: gadgetlib1_simple_test
Command: "/home/buitruongnhatquang-23521276/libsnark/build/libsnark/gadgetlib1_simple_test"
Directory: /home/buitruongnhatquang-23521276/libsnark/build/libsnark
"gadgetlib1_simple_test" start time: Mar 21 17:53 UTC
Output:
----------------------------------------------------------
[==========] Running 1 test from 1 test case.
[----------] Global test environment set-up.
[----------] 1 test from gadgetLib1
[ RUN      ] gadgetLib1.Integration
(enter) Call to run_r1cs_ppzksnark         	[             ]	(1774115634.6295s x0.00 from start)

================================================================================
R1CS ppzkSNARK Generator
================================================================================

  (enter) Call to r1cs_ppzksnark_generator   	[             ]	(1774115634.6295s x0.00 from start)
    (enter) Call to r1cs_constraint_system::swap_AB_if_beneficial	[             ]	(1774115634.6295s x0.00 from start)
      (enter) Estimate densities                 	[             ]	(1774115634.6295s x0.00 from start)
        * Non-zero A-count (estimate): 99
        * Non-zero B-count (estimate): 99
      (leave) Estimate densities                 	[0.0000s x1.06]	(1774115634.6295s x0.00 from start)
      Swap is not beneficial, not performing
    (leave) Call to r1cs_constraint_system::swap_AB_if_beneficial	[0.0000s x1.03]	(1774115634.6295s x0.00 from start)
    (enter) Call to r1cs_to_qap_instance_map_with_evaluation	[             ]	(1774115634.6295s x0.00 from start)
      (enter) Compute evaluations of A, B, C, H at t	[             ]	(1774115634.6315s x0.00 from start)
      (leave) Compute evaluations of A, B, C, H at t	[0.0004s x1.02]	(1774115634.6319s x0.00 from start)
    (leave) Call to r1cs_to_qap_instance_map_with_evaluation	[0.0024s x0.24]	(1774115634.6319s x0.00 from start)
    * QAP number of variables: 297
    * QAP pre degree: 99
    * QAP degree: 128
    * QAP number of input variables: 0
    (enter) Compute query densities            	[             ]	(1774115634.6319s x0.00 from start)
    (leave) Compute query densities            	[0.0000s x1.07]	(1774115634.6319s x0.00 from start)
    Choosing window size 8 for 927 elements
    Choosing window size 5 for 99 elements
    * G1 window: 8
    * G2 window: 5
    (enter) Generating G1 multiexp table       	[             ]	(1774115634.6322s x0.00 from start)
    (leave) Generating G1 multiexp table       	[0.0035s x1.02]	(1774115634.6357s x0.00 from start)
    (enter) Generating G2 multiexp table       	[             ]	(1774115634.6357s x0.00 from start)
    (leave) Generating G2 multiexp table       	[0.0017s x1.02]	(1774115634.6374s x0.00 from start)
    (enter) Generate R1CS proving key          	[             ]	(1774115634.6374s x0.00 from start)
      (enter) Generate knowledge commitments     	[             ]	(1774115634.6374s x0.00 from start)
        (enter) Compute the A-query                	[             ]	(1774115634.6374s x0.00 from start)
        Non-zero coordinate count: 100/299 (33.44%)
        (leave) Compute the A-query                	[0.0027s x1.02]	(1774115634.6402s x0.00 from start)
        (enter) Compute the B-query                	[             ]	(1774115634.6402s x0.00 from start)
        Non-zero coordinate count: 100/299 (33.44%)
        (leave) Compute the B-query                	[0.0061s x1.02]	(1774115634.6463s x0.00 from start)
        (enter) Compute the C-query                	[             ]	(1774115634.6463s x0.00 from start)
        Non-zero coordinate count: 100/299 (33.44%)
        (leave) Compute the C-query                	[0.0028s x1.02]	(1774115634.6491s x0.00 from start)
        (enter) Compute the H-query                	[             ]	(1774115634.6491s x0.00 from start)
        . DONE!
        (leave) Compute the H-query                	[0.0017s x1.02]	(1774115634.6508s x0.00 from start)
        (enter) Compute the K-query                	[             ]	(1774115634.6508s x0.00 from start)
        . DONE!
        (leave) Compute the K-query                	[0.0041s x1.02]	(1774115634.6549s x0.00 from start)
      (leave) Generate knowledge commitments     	[0.0175s x1.02]	(1774115634.6549s x0.00 from start)
    (leave) Generate R1CS proving key          	[0.0175s x1.02]	(1774115634.6549s x0.00 from start)
    (enter) Generate R1CS verification key     	[             ]	(1774115634.6549s x0.00 from start)
      (enter) Encode IC query for R1CS verification key	[             ]	(1774115634.6561s x0.00 from start)
         DONE!
      (leave) Encode IC query for R1CS verification key	[0.0001s x1.03]	(1774115634.6562s x0.00 from start)
    (leave) Generate R1CS verification key     	[0.0013s x1.02]	(1774115634.6562s x0.00 from start)
  (leave) Call to r1cs_ppzksnark_generator   	[0.0267s x0.95]	(1774115634.6562s x0.00 from start)
  * G1 elements in PK: 1925
  * Non-zero G1 elements in PK: 930
  * G2 elements in PK: 299
  * Non-zero G2 elements in PK: 100
  * PK size in bits: 307250
  * G1 elements in VK: 2
  * G2 elements in VK: 5
  * VK size in bits: 3310

  * Memory profiling not supported in NO_PROCPS mode

================================================================================
Preprocess verification key
================================================================================

  (enter) Call to r1cs_ppzksnark_verifier_process_vk	[             ]	(1774115634.6562s x0.00 from start)
    (enter) Call to bn128_ate_precompute_G2    	[             ]	(1774115634.6562s x0.00 from start)
    (leave) Call to bn128_ate_precompute_G2    	[0.0001s x1.03]	(1774115634.6563s x0.00 from start)
    (enter) Call to bn128_ate_precompute_G2    	[             ]	(1774115634.6563s x0.00 from start)
    (leave) Call to bn128_ate_precompute_G2    	[0.0001s x1.03]	(1774115634.6564s x0.00 from start)
    (enter) Call to bn128_ate_precompute_G1    	[             ]	(1774115634.6564s x0.00 from start)
    (leave) Call to bn128_ate_precompute_G1    	[0.0000s x1.10]	(1774115634.6564s x0.00 from start)
    (enter) Call to bn128_ate_precompute_G2    	[             ]	(1774115634.6564s x0.00 from start)
    (leave) Call to bn128_ate_precompute_G2    	[0.0000s x1.03]	(1774115634.6564s x0.00 from start)
    (enter) Call to bn128_ate_precompute_G2    	[             ]	(1774115634.6564s x0.00 from start)
    (leave) Call to bn128_ate_precompute_G2    	[0.0001s x1.03]	(1774115634.6565s x0.00 from start)
    (enter) Call to bn128_ate_precompute_G2    	[             ]	(1774115634.6565s x0.00 from start)
    (leave) Call to bn128_ate_precompute_G2    	[0.0000s x1.02]	(1774115634.6565s x0.00 from start)
    (enter) Call to bn128_ate_precompute_G1    	[             ]	(1774115634.6565s x0.00 from start)
    (leave) Call to bn128_ate_precompute_G1    	[0.0000s x1.09]	(1774115634.6565s x0.00 from start)
    (enter) Call to bn128_ate_precompute_G2    	[             ]	(1774115634.6565s x0.00 from start)
    (leave) Call to bn128_ate_precompute_G2    	[0.0000s x1.03]	(1774115634.6566s x0.00 from start)
  (leave) Call to r1cs_ppzksnark_verifier_process_vk	[0.0004s x1.02]	(1774115634.6566s x0.00 from start)

================================================================================
R1CS ppzkSNARK Prover
================================================================================

  (enter) Call to r1cs_ppzksnark_prover      	[             ]	(1774115634.6566s x0.00 from start)
    (enter) Compute the polynomial H           	[             ]	(1774115634.6567s x0.00 from start)
      (enter) Call to r1cs_to_qap_witness_map    	[             ]	(1774115634.6567s x0.00 from start)
        (enter) Compute evaluation of polynomials A, B on set S	[             ]	(1774115634.6567s x0.00 from start)
        (leave) Compute evaluation of polynomials A, B on set S	[0.0000s x1.06]	(1774115634.6567s x0.00 from start)
        (enter) Compute coefficients of polynomial A	[             ]	(1774115634.6568s x0.00 from start)
        (leave) Compute coefficients of polynomial A	[0.0001s x1.03]	(1774115634.6569s x0.00 from start)
        (enter) Compute coefficients of polynomial B	[             ]	(1774115634.6569s x0.00 from start)
        (leave) Compute coefficients of polynomial B	[0.0001s x1.03]	(1774115634.6569s x0.00 from start)
        (enter) Compute ZK-patch                   	[             ]	(1774115634.6570s x0.00 from start)
        (leave) Compute ZK-patch                   	[0.0000s x1.06]	(1774115634.6570s x0.00 from start)
        (enter) Compute evaluation of polynomial A on set T	[             ]	(1774115634.6570s x0.00 from start)
        (leave) Compute evaluation of polynomial A on set T	[0.0001s x1.02]	(1774115634.6570s x0.00 from start)
        (enter) Compute evaluation of polynomial B on set T	[             ]	(1774115634.6571s x0.00 from start)
        (leave) Compute evaluation of polynomial B on set T	[0.0001s x1.03]	(1774115634.6571s x0.00 from start)
        (enter) Compute evaluation of polynomial H on set T	[             ]	(1774115634.6571s x0.00 from start)
          (enter) Compute evaluation of polynomial C on set S	[             ]	(1774115634.6571s x0.00 from start)
          (leave) Compute evaluation of polynomial C on set S	[0.0000s x1.08]	(1774115634.6571s x0.00 from start)
          (enter) Compute coefficients of polynomial C	[             ]	(1774115634.6572s x0.00 from start)
          (leave) Compute coefficients of polynomial C	[0.0001s x1.03]	(1774115634.6572s x0.00 from start)
          (enter) Compute evaluation of polynomial C on set T	[             ]	(1774115634.6572s x0.00 from start)
          (leave) Compute evaluation of polynomial C on set T	[0.0001s x1.03]	(1774115634.6573s x0.00 from start)
          (enter) Divide by Z on set T               	[             ]	(1774115634.6573s x0.00 from start)
          (leave) Divide by Z on set T               	[0.0000s x1.07]	(1774115634.6573s x0.00 from start)
        (leave) Compute evaluation of polynomial H on set T	[0.0002s x1.03]	(1774115634.6573s x0.00 from start)
        (enter) Compute coefficients of polynomial H	[             ]	(1774115634.6573s x0.00 from start)
        (leave) Compute coefficients of polynomial H	[0.0001s x1.03]	(1774115634.6574s x0.00 from start)
        (enter) Compute sum of H and ZK-patch      	[             ]	(1774115634.6574s x0.00 from start)
        (leave) Compute sum of H and ZK-patch      	[0.0000s x1.18]	(1774115634.6574s x0.00 from start)
      (leave) Call to r1cs_to_qap_witness_map    	[0.0007s x1.02]	(1774115634.6574s x0.00 from start)
    (leave) Compute the polynomial H           	[0.0008s x1.02]	(1774115634.6574s x0.00 from start)
    (enter) Compute the proof                  	[             ]	(1774115634.6584s x0.00 from start)
      (enter) Compute answer to A-query          	[             ]	(1774115634.6584s x0.00 from start)
      (enter) Process scalar vector              	[             ]	(1774115634.6584s x0.00 from start)
        * Elements of w skipped: 0 (0.00%)
        * Elements of w processed with special addition: 0 (0.00%)
        * Elements of w remaining: 99 (100.00%)
      (leave) Process scalar vector              	[0.0000s x1.11]	(1774115634.6584s x0.00 from start)
      (leave) Compute answer to A-query          	[0.0042s x1.02]	(1774115634.6626s x0.00 from start)
      (enter) Compute answer to B-query          	[             ]	(1774115634.6626s x0.00 from start)
      (enter) Process scalar vector              	[             ]	(1774115634.6626s x0.00 from start)
        * Elements of w skipped: 0 (0.00%)
        * Elements of w processed with special addition: 0 (0.00%)
        * Elements of w remaining: 99 (100.00%)
      (leave) Process scalar vector              	[0.0000s x1.09]	(1774115634.6626s x0.00 from start)
      (leave) Compute answer to B-query          	[0.0072s x1.02]	(1774115634.6698s x0.00 from start)
      (enter) Compute answer to C-query          	[             ]	(1774115634.6698s x0.00 from start)
      (enter) Process scalar vector              	[             ]	(1774115634.6698s x0.00 from start)
        * Elements of w skipped: 0 (0.00%)
        * Elements of w processed with special addition: 0 (0.00%)
        * Elements of w remaining: 99 (100.00%)
      (leave) Process scalar vector              	[0.0000s x1.09]	(1774115634.6698s x0.00 from start)
      (leave) Compute answer to C-query          	[0.0052s x1.02]	(1774115634.6750s x0.00 from start)
      (enter) Compute answer to H-query          	[             ]	(1774115634.6750s x0.00 from start)
      (leave) Compute answer to H-query          	[0.0051s x1.02]	(1774115634.6801s x0.00 from start)
      (enter) Compute answer to K-query          	[             ]	(1774115634.6802s x0.00 from start)
      (enter) Process scalar vector              	[             ]	(1774115634.6802s x0.00 from start)
        * Elements of w skipped: 0 (0.00%)
        * Elements of w processed with special addition: 0 (0.00%)
        * Elements of w remaining: 297 (100.00%)
      (leave) Process scalar vector              	[0.0000s x1.07]	(1774115634.6802s x0.00 from start)
      (leave) Compute answer to K-query          	[0.0061s x1.02]	(1774115634.6863s x0.00 from start)
    (leave) Compute the proof                  	[0.0280s x1.02]	(1774115634.6864s x0.00 from start)
  (leave) Call to r1cs_ppzksnark_prover      	[0.0297s x1.02]	(1774115634.6864s x0.00 from start)
  * G1 elements in proof: 7
  * G2 elements in proof: 1
  * Proof size in bits: 2294

  * Memory profiling not supported in NO_PROCPS mode

================================================================================
R1CS ppzkSNARK Verifier
================================================================================

  (enter) Call to r1cs_ppzksnark_verifier_strong_IC	[             ]	(1774115634.6864s x0.00 from start)
    (enter) Call to r1cs_ppzksnark_verifier_process_vk	[             ]	(1774115634.6864s x0.00 from start)
      (enter) Call to bn128_ate_precompute_G2    	[             ]	(1774115634.6864s x0.00 from start)
      (leave) Call to bn128_ate_precompute_G2    	[0.0000s x1.03]	(1774115634.6864s x0.00 from start)
      (enter) Call to bn128_ate_precompute_G2    	[             ]	(1774115634.6864s x0.00 from start)
      (leave) Call to bn128_ate_precompute_G2    	[0.0000s x1.03]	(1774115634.6865s x0.00 from start)
      (enter) Call to bn128_ate_precompute_G1    	[             ]	(1774115634.6865s x0.00 from start)
      (leave) Call to bn128_ate_precompute_G1    	[0.0000s x1.09]	(1774115634.6865s x0.00 from start)
      (enter) Call to bn128_ate_precompute_G2    	[             ]	(1774115634.6865s x0.00 from start)
      (leave) Call to bn128_ate_precompute_G2    	[0.0000s x1.03]	(1774115634.6865s x0.00 from start)
      (enter) Call to bn128_ate_precompute_G2    	[             ]	(1774115634.6866s x0.00 from start)
      (leave) Call to bn128_ate_precompute_G2    	[0.0001s x1.03]	(1774115634.6866s x0.00 from start)
      (enter) Call to bn128_ate_precompute_G2    	[             ]	(1774115634.6866s x0.00 from start)
      (leave) Call to bn128_ate_precompute_G2    	[0.0000s x1.03]	(1774115634.6867s x0.00 from start)
      (enter) Call to bn128_ate_precompute_G1    	[             ]	(1774115634.6867s x0.00 from start)
      (leave) Call to bn128_ate_precompute_G1    	[0.0000s x1.07]	(1774115634.6867s x0.00 from start)
      (enter) Call to bn128_ate_precompute_G2    	[             ]	(1774115634.6867s x0.00 from start)
      (leave) Call to bn128_ate_precompute_G2    	[0.0000s x1.03]	(1774115634.6867s x0.00 from start)
    (leave) Call to r1cs_ppzksnark_verifier_process_vk	[0.0004s x1.02]	(1774115634.6867s x0.00 from start)
    (enter) Call to r1cs_ppzksnark_online_verifier_strong_IC	[             ]	(1774115634.6867s x0.00 from start)
      (enter) Call to r1cs_ppzksnark_online_verifier_weak_IC	[             ]	(1774115634.6867s x0.00 from start)
        (enter) Compute input-dependent part of A  	[             ]	(1774115634.6867s x0.00 from start)
        (leave) Compute input-dependent part of A  	[0.0000s x1.17]	(1774115634.6867s x0.00 from start)
        (enter) Check if the proof is well-formed  	[             ]	(1774115634.6867s x0.00 from start)
        (leave) Check if the proof is well-formed  	[0.0000s x1.11]	(1774115634.6868s x0.00 from start)
        (enter) Online pairing computations        	[             ]	(1774115634.6868s x0.00 from start)
          (enter) Check knowledge commitment for A is valid	[             ]	(1774115634.6868s x0.00 from start)
            (enter) Call to bn128_ate_precompute_G1    	[             ]	(1774115634.6868s x0.00 from start)
            (leave) Call to bn128_ate_precompute_G1    	[0.0000s x1.08]	(1774115634.6868s x0.00 from start)
            (enter) Call to bn128_ate_precompute_G1    	[             ]	(1774115634.6868s x0.00 from start)
            (leave) Call to bn128_ate_precompute_G1    	[0.0000s x1.06]	(1774115634.6868s x0.00 from start)
            (enter) Call to miller_loop<bn128_pp>      	[             ]	(1774115634.6868s x0.00 from start)
            (leave) Call to miller_loop<bn128_pp>      	[0.0002s x1.04]	(1774115634.6869s x0.00 from start)
            (enter) Call to miller_loop<bn128_pp>      	[             ]	(1774115634.6870s x0.00 from start)
            (leave) Call to miller_loop<bn128_pp>      	[0.0001s x1.03]	(1774115634.6871s x0.00 from start)
            (enter) Call to bn128_final_exponentiation 	[             ]	(1774115634.6871s x0.00 from start)
            (leave) Call to bn128_final_exponentiation 	[0.0002s x1.02]	(1774115634.6873s x0.00 from start)
          (leave) Check knowledge commitment for A is valid	[0.0005s x1.02]	(1774115634.6873s x0.00 from start)
          (enter) Check knowledge commitment for B is valid	[             ]	(1774115634.6873s x0.00 from start)
            (enter) Call to bn128_ate_precompute_G2    	[             ]	(1774115634.6873s x0.00 from start)
            (leave) Call to bn128_ate_precompute_G2    	[0.0001s x1.03]	(1774115634.6874s x0.00 from start)
            (enter) Call to bn128_ate_precompute_G1    	[             ]	(1774115634.6874s x0.00 from start)
            (leave) Call to bn128_ate_precompute_G1    	[0.0000s x1.10]	(1774115634.6874s x0.00 from start)
            (enter) Call to miller_loop<bn128_pp>      	[             ]	(1774115634.6874s x0.00 from start)
            (leave) Call to miller_loop<bn128_pp>      	[0.0001s x1.03]	(1774115634.6875s x0.00 from start)
            (enter) Call to miller_loop<bn128_pp>      	[             ]	(1774115634.6875s x0.00 from start)
            (leave) Call to miller_loop<bn128_pp>      	[0.0002s x1.03]	(1774115634.6877s x0.00 from start)
            (enter) Call to bn128_final_exponentiation 	[             ]	(1774115634.6877s x0.00 from start)
            (leave) Call to bn128_final_exponentiation 	[0.0002s x1.02]	(1774115634.6879s x0.00 from start)
          (leave) Check knowledge commitment for B is valid	[0.0006s x1.02]	(1774115634.6879s x0.00 from start)
          (enter) Check knowledge commitment for C is valid	[             ]	(1774115634.6879s x0.00 from start)
            (enter) Call to bn128_ate_precompute_G1    	[             ]	(1774115634.6879s x0.00 from start)
            (leave) Call to bn128_ate_precompute_G1    	[0.0000s x1.09]	(1774115634.6879s x0.00 from start)
            (enter) Call to bn128_ate_precompute_G1    	[             ]	(1774115634.6879s x0.00 from start)
            (leave) Call to bn128_ate_precompute_G1    	[0.0000s x1.05]	(1774115634.6879s x0.00 from start)
            (enter) Call to miller_loop<bn128_pp>      	[             ]	(1774115634.6879s x0.00 from start)
            (leave) Call to miller_loop<bn128_pp>      	[0.0001s x1.02]	(1774115634.6880s x0.00 from start)
            (enter) Call to miller_loop<bn128_pp>      	[             ]	(1774115634.6881s x0.00 from start)
            (leave) Call to miller_loop<bn128_pp>      	[0.0001s x1.02]	(1774115634.6882s x0.00 from start)
            (enter) Call to bn128_final_exponentiation 	[             ]	(1774115634.6882s x0.00 from start)
            (leave) Call to bn128_final_exponentiation 	[0.0002s x1.02]	(1774115634.6884s x0.00 from start)
          (leave) Check knowledge commitment for C is valid	[0.0005s x1.02]	(1774115634.6884s x0.00 from start)
          (enter) Check QAP divisibility             	[             ]	(1774115634.6884s x0.00 from start)
            (enter) Call to bn128_ate_precompute_G1    	[             ]	(1774115634.6884s x0.00 from start)
            (leave) Call to bn128_ate_precompute_G1    	[0.0000s x1.04]	(1774115634.6884s x0.00 from start)
            (enter) Call to bn128_ate_precompute_G1    	[             ]	(1774115634.6884s x0.00 from start)
            (leave) Call to bn128_ate_precompute_G1    	[0.0000s x1.04]	(1774115634.6884s x0.00 from start)
            (enter) Call to miller_loop<bn128_pp>      	[             ]	(1774115634.6884s x0.00 from start)
            (leave) Call to miller_loop<bn128_pp>      	[0.0001s x1.02]	(1774115634.6885s x0.00 from start)
            (enter) Call to double_miller_loop<bn128_pp>	[             ]	(1774115634.6886s x0.00 from start)
            (leave) Call to double_miller_loop<bn128_pp>	[0.0002s x1.02]	(1774115634.6887s x0.00 from start)
            (enter) Call to bn128_final_exponentiation 	[             ]	(1774115634.6887s x0.00 from start)
            (leave) Call to bn128_final_exponentiation 	[0.0002s x1.02]	(1774115634.6889s x0.00 from start)
            QAP divisibility check failed.
          (leave) Check QAP divisibility             	[0.0006s x1.02]	(1774115634.6890s x0.00 from start)
          (enter) Check same coefficients were used  	[             ]	(1774115634.6890s x0.00 from start)
            (enter) Call to bn128_ate_precompute_G1    	[             ]	(1774115634.6890s x0.00 from start)
            (leave) Call to bn128_ate_precompute_G1    	[0.0000s x1.12]	(1774115634.6890s x0.00 from start)
            (enter) Call to bn128_ate_precompute_G1    	[             ]	(1774115634.6890s x0.00 from start)
            (leave) Call to bn128_ate_precompute_G1    	[0.0000s x1.05]	(1774115634.6890s x0.00 from start)
            (enter) Call to miller_loop<bn128_pp>      	[             ]	(1774115634.6890s x0.00 from start)
            (leave) Call to miller_loop<bn128_pp>      	[0.0001s x1.03]	(1774115634.6891s x0.00 from start)
            (enter) Call to double_miller_loop<bn128_pp>	[             ]	(1774115634.6891s x0.00 from start)
            (leave) Call to double_miller_loop<bn128_pp>	[0.0002s x1.02]	(1774115634.6893s x0.00 from start)
            (enter) Call to bn128_final_exponentiation 	[             ]	(1774115634.6893s x0.00 from start)
            (leave) Call to bn128_final_exponentiation 	[0.0002s x1.02]	(1774115634.6895s x0.00 from start)
            Same-coefficient check failed.
          (leave) Check same coefficients were used  	[0.0006s x1.02]	(1774115634.6895s x0.00 from start)
        (leave) Online pairing computations        	[0.0028s x1.02]	(1774115634.6895s x0.00 from start)
      (leave) Call to r1cs_ppzksnark_online_verifier_weak_IC	[0.0028s x1.02]	(1774115634.6895s x0.00 from start)
    (leave) Call to r1cs_ppzksnark_online_verifier_strong_IC	[0.0028s x1.02]	(1774115634.6895s x0.00 from start)
  (leave) Call to r1cs_ppzksnark_verifier_strong_IC	[0.0032s x1.02]	(1774115634.6895s x0.00 from start)

  * Memory profiling not supported in NO_PROCPS mode
* The verification result is: FAIL

================================================================================
R1CS ppzkSNARK Online Verifier
================================================================================

  (enter) Call to r1cs_ppzksnark_online_verifier_strong_IC	[             ]	(1774115634.6895s x0.00 from start)
    (enter) Call to r1cs_ppzksnark_online_verifier_weak_IC	[             ]	(1774115634.6895s x0.00 from start)
      (enter) Compute input-dependent part of A  	[             ]	(1774115634.6896s x0.00 from start)
      (leave) Compute input-dependent part of A  	[0.0000s x1.19]	(1774115634.6896s x0.00 from start)
      (enter) Check if the proof is well-formed  	[             ]	(1774115634.6896s x0.00 from start)
      (leave) Check if the proof is well-formed  	[0.0000s x1.15]	(1774115634.6896s x0.00 from start)
      (enter) Online pairing computations        	[             ]	(1774115634.6896s x0.00 from start)
        (enter) Check knowledge commitment for A is valid	[             ]	(1774115634.6896s x0.00 from start)
          (enter) Call to bn128_ate_precompute_G1    	[             ]	(1774115634.6896s x0.00 from start)
          (leave) Call to bn128_ate_precompute_G1    	[0.0000s x1.06]	(1774115634.6896s x0.00 from start)
          (enter) Call to bn128_ate_precompute_G1    	[             ]	(1774115634.6896s x0.00 from start)
          (leave) Call to bn128_ate_precompute_G1    	[0.0000s x1.04]	(1774115634.6896s x0.00 from start)
          (enter) Call to miller_loop<bn128_pp>      	[             ]	(1774115634.6896s x0.00 from start)
          (leave) Call to miller_loop<bn128_pp>      	[0.0001s x1.03]	(1774115634.6897s x0.00 from start)
          (enter) Call to miller_loop<bn128_pp>      	[             ]	(1774115634.6897s x0.00 from start)
          (leave) Call to miller_loop<bn128_pp>      	[0.0001s x1.02]	(1774115634.6898s x0.00 from start)
          (enter) Call to bn128_final_exponentiation 	[             ]	(1774115634.6898s x0.00 from start)
          (leave) Call to bn128_final_exponentiation 	[0.0002s x1.02]	(1774115634.6900s x0.00 from start)
        (leave) Check knowledge commitment for A is valid	[0.0005s x1.02]	(1774115634.6900s x0.00 from start)
        (enter) Check knowledge commitment for B is valid	[             ]	(1774115634.6900s x0.00 from start)
          (enter) Call to bn128_ate_precompute_G2    	[             ]	(1774115634.6901s x0.00 from start)
          (leave) Call to bn128_ate_precompute_G2    	[0.0000s x1.03]	(1774115634.6901s x0.00 from start)
          (enter) Call to bn128_ate_precompute_G1    	[             ]	(1774115634.6901s x0.00 from start)
          (leave) Call to bn128_ate_precompute_G1    	[0.0000s x1.06]	(1774115634.6901s x0.00 from start)
          (enter) Call to miller_loop<bn128_pp>      	[             ]	(1774115634.6901s x0.00 from start)
          (leave) Call to miller_loop<bn128_pp>      	[0.0001s x1.03]	(1774115634.6902s x0.00 from start)
          (enter) Call to miller_loop<bn128_pp>      	[             ]	(1774115634.6902s x0.00 from start)
          (leave) Call to miller_loop<bn128_pp>      	[0.0001s x1.03]	(1774115634.6904s x0.00 from start)
          (enter) Call to bn128_final_exponentiation 	[             ]	(1774115634.6904s x0.00 from start)
          (leave) Call to bn128_final_exponentiation 	[0.0002s x1.02]	(1774115634.6906s x0.00 from start)
        (leave) Check knowledge commitment for B is valid	[0.0005s x1.02]	(1774115634.6906s x0.00 from start)
        (enter) Check knowledge commitment for C is valid	[             ]	(1774115634.6906s x0.00 from start)
          (enter) Call to bn128_ate_precompute_G1    	[             ]	(1774115634.6906s x0.00 from start)
          (leave) Call to bn128_ate_precompute_G1    	[0.0000s x1.07]	(1774115634.6906s x0.00 from start)
          (enter) Call to bn128_ate_precompute_G1    	[             ]	(1774115634.6906s x0.00 from start)
          (leave) Call to bn128_ate_precompute_G1    	[0.0000s x1.04]	(1774115634.6906s x0.00 from start)
          (enter) Call to miller_loop<bn128_pp>      	[             ]	(1774115634.6906s x0.00 from start)
          (leave) Call to miller_loop<bn128_pp>      	[0.0001s x1.02]	(1774115634.6907s x0.00 from start)
          (enter) Call to miller_loop<bn128_pp>      	[             ]	(1774115634.6907s x0.00 from start)
          (leave) Call to miller_loop<bn128_pp>      	[0.0001s x1.02]	(1774115634.6908s x0.00 from start)
          (enter) Call to bn128_final_exponentiation 	[             ]	(1774115634.6909s x0.00 from start)
          (leave) Call to bn128_final_exponentiation 	[0.0002s x1.02]	(1774115634.6910s x0.00 from start)
        (leave) Check knowledge commitment for C is valid	[0.0005s x1.02]	(1774115634.6911s x0.00 from start)
        (enter) Check QAP divisibility             	[             ]	(1774115634.6911s x0.00 from start)
          (enter) Call to bn128_ate_precompute_G1    	[             ]	(1774115634.6911s x0.00 from start)
          (leave) Call to bn128_ate_precompute_G1    	[0.0000s x1.10]	(1774115634.6911s x0.00 from start)
          (enter) Call to bn128_ate_precompute_G1    	[             ]	(1774115634.6911s x0.00 from start)
          (leave) Call to bn128_ate_precompute_G1    	[0.0000s x1.03]	(1774115634.6911s x0.00 from start)
          (enter) Call to miller_loop<bn128_pp>      	[             ]	(1774115634.6911s x0.00 from start)
          (leave) Call to miller_loop<bn128_pp>      	[0.0001s x1.02]	(1774115634.6912s x0.00 from start)
          (enter) Call to double_miller_loop<bn128_pp>	[             ]	(1774115634.6912s x0.00 from start)
          (leave) Call to double_miller_loop<bn128_pp>	[0.0002s x1.02]	(1774115634.6914s x0.00 from start)
          (enter) Call to bn128_final_exponentiation 	[             ]	(1774115634.6914s x0.00 from start)
          (leave) Call to bn128_final_exponentiation 	[0.0002s x1.02]	(1774115634.6916s x0.00 from start)
          QAP divisibility check failed.
        (leave) Check QAP divisibility             	[0.0006s x1.02]	(1774115634.6917s x0.00 from start)
        (enter) Check same coefficients were used  	[             ]	(1774115634.6917s x0.00 from start)
          (enter) Call to bn128_ate_precompute_G1    	[             ]	(1774115634.6917s x0.00 from start)
          (leave) Call to bn128_ate_precompute_G1    	[0.0000s x1.07]	(1774115634.6917s x0.00 from start)
          (enter) Call to bn128_ate_precompute_G1    	[             ]	(1774115634.6917s x0.00 from start)
          (leave) Call to bn128_ate_precompute_G1    	[0.0000s x1.03]	(1774115634.6917s x0.00 from start)
          (enter) Call to miller_loop<bn128_pp>      	[             ]	(1774115634.6917s x0.00 from start)
          (leave) Call to miller_loop<bn128_pp>      	[0.0001s x1.02]	(1774115634.6918s x0.00 from start)
          (enter) Call to double_miller_loop<bn128_pp>	[             ]	(1774115634.6918s x0.00 from start)
          (leave) Call to double_miller_loop<bn128_pp>	[0.0002s x1.02]	(1774115634.6920s x0.00 from start)
          (enter) Call to bn128_final_exponentiation 	[             ]	(1774115634.6920s x0.00 from start)
          (leave) Call to bn128_final_exponentiation 	[0.0003s x1.02]	(1774115634.6923s x0.00 from start)
          Same-coefficient check failed.
        (leave) Check same coefficients were used  	[0.0006s x1.02]	(1774115634.6923s x0.00 from start)
      (leave) Online pairing computations        	[0.0027s x1.02]	(1774115634.6923s x0.00 from start)
    (leave) Call to r1cs_ppzksnark_online_verifier_weak_IC	[0.0027s x1.02]	(1774115634.6923s x0.00 from start)
  (leave) Call to r1cs_ppzksnark_online_verifier_strong_IC	[0.0027s x1.02]	(1774115634.6923s x0.00 from start)

================================================================================
R1CS ppzkSNARK Affine Verifier
================================================================================

Affine verifier is not supported; not testing anything.
(leave) Call to run_r1cs_ppzksnark         	[0.0628s x0.99]	(1774115634.6923s x0.00 from start)
/home/buitruongnhatquang-23521276/libsnark/libsnark/gadgetlib1/tests/gadgetlib1_test.cpp:25: Failure
Value of: bit
  Actual: false
Expected: true
[  FAILED  ] gadgetLib1.Integration (67 ms)
[----------] 1 test from gadgetLib1 (67 ms total)

[----------] Global test environment tear-down
[==========] 1 test from 1 test case ran. (67 ms total)
[  PASSED  ] 0 tests.
[  FAILED  ] 1 test, listed below:
[  FAILED  ] gadgetLib1.Integration

 1 FAILED TEST
<end of output>
Test time =   0.07 sec
----------------------------------------------------------
Test Failed.
"gadgetlib1_simple_test" end time: Mar 21 17:53 UTC
"gadgetlib1_simple_test" time elapsed: 00:00:00
----------------------------------------------------------

3/23 Testing: gadgetlib1_r1cs_ppzksnark_verifier_gadget_test
3/23 Test: gadgetlib1_r1cs_ppzksnark_verifier_gadget_test
Command: "/home/buitruongnhatquang-23521276/libsnark/build/libsnark/gadgetlib1_r1cs_ppzksnark_verifier_gadget_test"
Directory: /home/buitruongnhatquang-23521276/libsnark/build/libsnark
"gadgetlib1_r1cs_ppzksnark_verifier_gadget_test" start time: Mar 21 17:53 UTC
Output:
----------------------------------------------------------
All tests here depend on assert() which is disabled by -DNDEBUG. Please recompile and run again.
<end of output>
Test time =   0.00 sec
----------------------------------------------------------
Test Passed.
"gadgetlib1_r1cs_ppzksnark_verifier_gadget_test" end time: Mar 21 17:53 UTC
"gadgetlib1_r1cs_ppzksnark_verifier_gadget_test" time elapsed: 00:00:00
----------------------------------------------------------

4/23 Testing: gadgetlib2_adapters_test
4/23 Test: gadgetlib2_adapters_test
Command: "/home/buitruongnhatquang-23521276/libsnark/build/libsnark/gadgetlib2_adapters_test"
Directory: /home/buitruongnhatquang-23521276/libsnark/build/libsnark
"gadgetlib2_adapters_test" start time: Mar 21 17:53 UTC
Output:
----------------------------------------------------------
Running main() from gtest_main.cc
[==========] Running 6 tests from 1 test case.
[----------] Global test environment set-up.
[----------] 6 tests from GadgetLibAdapter
[ RUN      ] GadgetLibAdapter.LinearTerm
[       OK ] GadgetLibAdapter.LinearTerm (0 ms)
[ RUN      ] GadgetLibAdapter.LinearCombination
[       OK ] GadgetLibAdapter.LinearCombination (0 ms)
[ RUN      ] GadgetLibAdapter.Constraint
[       OK ] GadgetLibAdapter.Constraint (1 ms)
[ RUN      ] GadgetLibAdapter.ConstraintSystem
[       OK ] GadgetLibAdapter.ConstraintSystem (0 ms)
[ RUN      ] GadgetLibAdapter.VariableAssignment
[       OK ] GadgetLibAdapter.VariableAssignment (0 ms)
[ RUN      ] GadgetLibAdapter.Protoboard
[       OK ] GadgetLibAdapter.Protoboard (0 ms)
[----------] 6 tests from GadgetLibAdapter (1 ms total)

[----------] Global test environment tear-down
[==========] 6 tests from 1 test case ran. (1 ms total)
[  PASSED  ] 6 tests.
<end of output>
Test time =   0.01 sec
----------------------------------------------------------
Test Passed.
"gadgetlib2_adapters_test" end time: Mar 21 17:53 UTC
"gadgetlib2_adapters_test" time elapsed: 00:00:00
----------------------------------------------------------

5/23 Testing: gadgetlib2_constraint_test
5/23 Test: gadgetlib2_constraint_test
Command: "/home/buitruongnhatquang-23521276/libsnark/build/libsnark/gadgetlib2_constraint_test"
Directory: /home/buitruongnhatquang-23521276/libsnark/build/libsnark
"gadgetlib2_constraint_test" start time: Mar 21 17:53 UTC
Output:
----------------------------------------------------------
Running main() from gtest_main.cc
[==========] Running 1 test from 1 test case.
[----------] Global test environment set-up.
[----------] 1 test from gadgetLib2
[ RUN      ] gadgetLib2.Rank1Constraint
[       OK ] gadgetLib2.Rank1Constraint (1 ms)
[----------] 1 test from gadgetLib2 (1 ms total)

[----------] Global test environment tear-down
[==========] 1 test from 1 test case ran. (1 ms total)
[  PASSED  ] 1 test.
<end of output>
Test time =   0.00 sec
----------------------------------------------------------
Test Passed.
"gadgetlib2_constraint_test" end time: Mar 21 17:53 UTC
"gadgetlib2_constraint_test" time elapsed: 00:00:00
----------------------------------------------------------

6/23 Testing: gadgetlib2_gadget_test
6/23 Test: gadgetlib2_gadget_test
Command: "/home/buitruongnhatquang-23521276/libsnark/build/libsnark/gadgetlib2_gadget_test"
Directory: /home/buitruongnhatquang-23521276/libsnark/build/libsnark
"gadgetlib2_gadget_test" start time: Mar 21 17:53 UTC
Output:
----------------------------------------------------------
Running main() from gtest_main.cc
[==========] Running 11 tests from 1 test case.
[----------] Global test environment set-up.
[----------] 11 tests from gadgetLib2
[ RUN      ] gadgetLib2.R1P_AND_Gadget_SimpleTest
[       OK ] gadgetLib2.R1P_AND_Gadget_SimpleTest (1 ms)
[ RUN      ] gadgetLib2.R1P_ANDGadget_ExhaustiveTest
[       OK ] gadgetLib2.R1P_ANDGadget_ExhaustiveTest (0 ms)
[ RUN      ] gadgetLib2.BinaryAND_Gadget
[       OK ] gadgetLib2.BinaryAND_Gadget (0 ms)
[ RUN      ] gadgetLib2.R1P_ORGadget_Exhaustive
[       OK ] gadgetLib2.R1P_ORGadget_Exhaustive (0 ms)
[ RUN      ] gadgetLib2.BinaryOR_Gadget
[       OK ] gadgetLib2.BinaryOR_Gadget (0 ms)
[ RUN      ] gadgetLib2.R1P_InnerProductGadget_Exhaustive
[       OK ] gadgetLib2.R1P_InnerProductGadget_Exhaustive (1 ms)
[ RUN      ] gadgetLib2.R1P_LooseMUX_Gadget_Exhaustive
[       OK ] gadgetLib2.R1P_LooseMUX_Gadget_Exhaustive (1 ms)
[ RUN      ] gadgetLib2.R1P_Packing_Gadgets
[       OK ] gadgetLib2.R1P_Packing_Gadgets (1 ms)
[ RUN      ] gadgetLib2.R1P_EqualsConst_Gadget
[       OK ] gadgetLib2.R1P_EqualsConst_Gadget (0 ms)
[ RUN      ] gadgetLib2.ConditionalFlag_Gadget
[       OK ] gadgetLib2.ConditionalFlag_Gadget (0 ms)
[ RUN      ] gadgetLib2.LogicImplication_Gadget
[       OK ] gadgetLib2.LogicImplication_Gadget (0 ms)
[----------] 11 tests from gadgetLib2 (4 ms total)

[----------] Global test environment tear-down
[==========] 11 tests from 1 test case ran. (5 ms total)
[  PASSED  ] 11 tests.
<end of output>
Test time =   0.01 sec
----------------------------------------------------------
Test Passed.
"gadgetlib2_gadget_test" end time: Mar 21 17:53 UTC
"gadgetlib2_gadget_test" time elapsed: 00:00:00
----------------------------------------------------------

7/23 Testing: gadgetlib2_integration_test
7/23 Test: gadgetlib2_integration_test
Command: "/home/buitruongnhatquang-23521276/libsnark/build/libsnark/gadgetlib2_integration_test"
Directory: /home/buitruongnhatquang-23521276/libsnark/build/libsnark
"gadgetlib2_integration_test" start time: Mar 21 17:53 UTC
Output:
----------------------------------------------------------
Running main() from gtest_main.cc
[==========] Running 1 test from 1 test case.
[----------] Global test environment set-up.
[----------] 1 test from gadgetLib2
[ RUN      ] gadgetLib2.Integration
(enter) Call to run_r1cs_ppzksnark         	[             ]	(1774115634.7172s x0.00 from start)

================================================================================
R1CS ppzkSNARK Generator
================================================================================

  (enter) Call to r1cs_ppzksnark_generator   	[             ]	(1774115634.7172s x0.00 from start)
    (enter) Call to r1cs_constraint_system::swap_AB_if_beneficial	[             ]	(1774115634.7172s x0.00 from start)
      (enter) Estimate densities                 	[             ]	(1774115634.7172s x0.00 from start)
        * Non-zero A-count (estimate): 101
        * Non-zero B-count (estimate): 101
      (leave) Estimate densities                 	[0.0000s x1.07]	(1774115634.7172s x0.00 from start)
      Swap is not beneficial, not performing
    (leave) Call to r1cs_constraint_system::swap_AB_if_beneficial	[0.0000s x1.04]	(1774115634.7172s x0.00 from start)
    (enter) Call to r1cs_to_qap_instance_map_with_evaluation	[             ]	(1774115634.7173s x0.00 from start)
      (enter) Compute evaluations of A, B, C, H at t	[             ]	(1774115634.7173s x0.00 from start)
      (leave) Compute evaluations of A, B, C, H at t	[0.0003s x1.02]	(1774115634.7176s x0.00 from start)
    (leave) Call to r1cs_to_qap_instance_map_with_evaluation	[0.0004s x1.02]	(1774115634.7176s x0.00 from start)
    * QAP number of variables: 301
    * QAP pre degree: 100
    * QAP degree: 128
    * QAP number of input variables: 0
    (enter) Compute query densities            	[             ]	(1774115634.7176s x0.00 from start)
    (leave) Compute query densities            	[0.0000s x1.08]	(1774115634.7176s x0.00 from start)
    Choosing window size 8 for 936 elements
    Choosing window size 5 for 100 elements
    * G1 window: 8
    * G2 window: 5
    (enter) Generating G1 multiexp table       	[             ]	(1774115634.7178s x0.00 from start)
    (leave) Generating G1 multiexp table       	[0.0034s x1.02]	(1774115634.7212s x0.00 from start)
    (enter) Generating G2 multiexp table       	[             ]	(1774115634.7213s x0.00 from start)
    (leave) Generating G2 multiexp table       	[0.0018s x1.02]	(1774115634.7230s x0.00 from start)
    (enter) Generate R1CS proving key          	[             ]	(1774115634.7230s x0.00 from start)
      (enter) Generate knowledge commitments     	[             ]	(1774115634.7230s x0.00 from start)
        (enter) Compute the A-query                	[             ]	(1774115634.7230s x0.00 from start)
        Non-zero coordinate count: 101/303 (33.33%)
        (leave) Compute the A-query                	[0.0032s x1.02]	(1774115634.7262s x0.00 from start)
        (enter) Compute the B-query                	[             ]	(1774115634.7262s x0.00 from start)
        Non-zero coordinate count: 101/303 (33.33%)
        (leave) Compute the B-query                	[0.0065s x1.02]	(1774115634.7328s x0.00 from start)
        (enter) Compute the C-query                	[             ]	(1774115634.7328s x0.00 from start)
        Non-zero coordinate count: 101/303 (33.33%)
        (leave) Compute the C-query                	[0.0028s x1.02]	(1774115634.7356s x0.00 from start)
        (enter) Compute the H-query                	[             ]	(1774115634.7356s x0.00 from start)
        . DONE!
        (leave) Compute the H-query                	[0.0018s x1.02]	(1774115634.7374s x0.00 from start)
        (enter) Compute the K-query                	[             ]	(1774115634.7374s x0.00 from start)
        . DONE!
        (leave) Compute the K-query                	[0.0042s x1.02]	(1774115634.7417s x0.00 from start)
      (leave) Generate knowledge commitments     	[0.0187s x1.02]	(1774115634.7417s x0.00 from start)
    (leave) Generate R1CS proving key          	[0.0187s x1.02]	(1774115634.7417s x0.00 from start)
    (enter) Generate R1CS verification key     	[             ]	(1774115634.7417s x0.00 from start)
      (enter) Encode IC query for R1CS verification key	[             ]	(1774115634.7430s x0.00 from start)
         DONE!
      (leave) Encode IC query for R1CS verification key	[0.0001s x1.03]	(1774115634.7431s x0.00 from start)
    (leave) Generate R1CS verification key     	[0.0014s x1.02]	(1774115634.7431s x0.00 from start)
  (leave) Call to r1cs_ppzksnark_generator   	[0.0259s x1.02]	(1774115634.7431s x0.00 from start)
  * G1 elements in PK: 1949
  * Non-zero G1 elements in PK: 939
  * G2 elements in PK: 303
  * Non-zero G2 elements in PK: 101
  * PK size in bits: 310246
  * G1 elements in VK: 2
  * G2 elements in VK: 5
  * VK size in bits: 3310

  * Memory profiling not supported in NO_PROCPS mode

================================================================================
Preprocess verification key
================================================================================

  (enter) Call to r1cs_ppzksnark_verifier_process_vk	[             ]	(1774115634.7431s x0.00 from start)
    (enter) Call to bn128_ate_precompute_G2    	[             ]	(1774115634.7431s x0.00 from start)
    (leave) Call to bn128_ate_precompute_G2    	[0.0001s x1.03]	(1774115634.7432s x0.00 from start)
    (enter) Call to bn128_ate_precompute_G2    	[             ]	(1774115634.7432s x0.00 from start)
    (leave) Call to bn128_ate_precompute_G2    	[0.0001s x1.03]	(1774115634.7432s x0.00 from start)
    (enter) Call to bn128_ate_precompute_G1    	[             ]	(1774115634.7432s x0.00 from start)
    (leave) Call to bn128_ate_precompute_G1    	[0.0000s x1.05]	(1774115634.7432s x0.00 from start)
    (enter) Call to bn128_ate_precompute_G2    	[             ]	(1774115634.7432s x0.00 from start)
    (leave) Call to bn128_ate_precompute_G2    	[0.0001s x1.03]	(1774115634.7433s x0.00 from start)
    (enter) Call to bn128_ate_precompute_G2    	[             ]	(1774115634.7433s x0.00 from start)
    (leave) Call to bn128_ate_precompute_G2    	[0.0001s x1.03]	(1774115634.7434s x0.00 from start)
    (enter) Call to bn128_ate_precompute_G2    	[             ]	(1774115634.7434s x0.00 from start)
    (leave) Call to bn128_ate_precompute_G2    	[0.0001s x1.03]	(1774115634.7435s x0.00 from start)
    (enter) Call to bn128_ate_precompute_G1    	[             ]	(1774115634.7435s x0.00 from start)
    (leave) Call to bn128_ate_precompute_G1    	[0.0000s x1.05]	(1774115634.7435s x0.00 from start)
    (enter) Call to bn128_ate_precompute_G2    	[             ]	(1774115634.7435s x0.00 from start)
    (leave) Call to bn128_ate_precompute_G2    	[0.0001s x1.03]	(1774115634.7435s x0.00 from start)
  (leave) Call to r1cs_ppzksnark_verifier_process_vk	[0.0005s x1.02]	(1774115634.7436s x0.00 from start)

================================================================================
R1CS ppzkSNARK Prover
================================================================================

  (enter) Call to r1cs_ppzksnark_prover      	[             ]	(1774115634.7436s x0.00 from start)
    (enter) Compute the polynomial H           	[             ]	(1774115634.7436s x0.00 from start)
      (enter) Call to r1cs_to_qap_witness_map    	[             ]	(1774115634.7436s x0.00 from start)
        (enter) Compute evaluation of polynomials A, B on set S	[             ]	(1774115634.7436s x0.00 from start)
        (leave) Compute evaluation of polynomials A, B on set S	[0.0000s x1.03]	(1774115634.7437s x0.00 from start)
        (enter) Compute coefficients of polynomial A	[             ]	(1774115634.7437s x0.00 from start)
        (leave) Compute coefficients of polynomial A	[0.0001s x1.03]	(1774115634.7438s x0.00 from start)
        (enter) Compute coefficients of polynomial B	[             ]	(1774115634.7438s x0.00 from start)
        (leave) Compute coefficients of polynomial B	[0.0001s x1.02]	(1774115634.7439s x0.00 from start)
        (enter) Compute ZK-patch                   	[             ]	(1774115634.7439s x0.00 from start)
        (leave) Compute ZK-patch                   	[0.0000s x1.04]	(1774115634.7439s x0.00 from start)
        (enter) Compute evaluation of polynomial A on set T	[             ]	(1774115634.7439s x0.00 from start)
        (leave) Compute evaluation of polynomial A on set T	[0.0001s x1.03]	(1774115634.7440s x0.00 from start)
        (enter) Compute evaluation of polynomial B on set T	[             ]	(1774115634.7440s x0.00 from start)
        (leave) Compute evaluation of polynomial B on set T	[0.0001s x1.03]	(1774115634.7441s x0.00 from start)
        (enter) Compute evaluation of polynomial H on set T	[             ]	(1774115634.7441s x0.00 from start)
          (enter) Compute evaluation of polynomial C on set S	[             ]	(1774115634.7441s x0.00 from start)
          (leave) Compute evaluation of polynomial C on set S	[0.0000s x1.05]	(1774115634.7441s x0.00 from start)
          (enter) Compute coefficients of polynomial C	[             ]	(1774115634.7441s x0.00 from start)
          (leave) Compute coefficients of polynomial C	[0.0001s x1.03]	(1774115634.7442s x0.00 from start)
          (enter) Compute evaluation of polynomial C on set T	[             ]	(1774115634.7442s x0.00 from start)
          (leave) Compute evaluation of polynomial C on set T	[0.0001s x1.03]	(1774115634.7443s x0.00 from start)
          (enter) Divide by Z on set T               	[             ]	(1774115634.7443s x0.00 from start)
          (leave) Divide by Z on set T               	[0.0000s x1.06]	(1774115634.7443s x0.00 from start)
        (leave) Compute evaluation of polynomial H on set T	[0.0002s x1.02]	(1774115634.7443s x0.00 from start)
        (enter) Compute coefficients of polynomial H	[             ]	(1774115634.7443s x0.00 from start)
        (leave) Compute coefficients of polynomial H	[0.0001s x1.03]	(1774115634.7444s x0.00 from start)
        (enter) Compute sum of H and ZK-patch      	[             ]	(1774115634.7444s x0.00 from start)
        (leave) Compute sum of H and ZK-patch      	[0.0000s x1.17]	(1774115634.7444s x0.00 from start)
      (leave) Call to r1cs_to_qap_witness_map    	[0.0008s x1.02]	(1774115634.7444s x0.00 from start)
    (leave) Compute the polynomial H           	[0.0008s x1.02]	(1774115634.7444s x0.00 from start)
    (enter) Compute the proof                  	[             ]	(1774115634.7454s x0.00 from start)
      (enter) Compute answer to A-query          	[             ]	(1774115634.7454s x0.00 from start)
      (enter) Process scalar vector              	[             ]	(1774115634.7454s x0.00 from start)
        * Elements of w skipped: 50 (50.00%)
        * Elements of w processed with special addition: 50 (50.00%)
        * Elements of w remaining: 0 (0.00%)
      (leave) Process scalar vector              	[0.0000s x1.03]	(1774115634.7454s x0.00 from start)
      (leave) Compute answer to A-query          	[0.0001s x1.03]	(1774115634.7455s x0.00 from start)
      (enter) Compute answer to B-query          	[             ]	(1774115634.7455s x0.00 from start)
      (enter) Process scalar vector              	[             ]	(1774115634.7455s x0.00 from start)
        * Elements of w skipped: 44 (44.00%)
        * Elements of w processed with special addition: 56 (56.00%)
        * Elements of w remaining: 0 (0.00%)
      (leave) Process scalar vector              	[0.0001s x1.03]	(1774115634.7455s x0.00 from start)
      (leave) Compute answer to B-query          	[0.0001s x1.03]	(1774115634.7456s x0.00 from start)
      (enter) Compute answer to C-query          	[             ]	(1774115634.7456s x0.00 from start)
      (enter) Process scalar vector              	[             ]	(1774115634.7456s x0.00 from start)
        * Elements of w skipped: 1 (1.00%)
        * Elements of w processed with special addition: 1 (1.00%)
        * Elements of w remaining: 98 (98.00%)
      (leave) Process scalar vector              	[0.0000s x1.05]	(1774115634.7456s x0.00 from start)
      (leave) Compute answer to C-query          	[0.0002s x1.03]	(1774115634.7457s x0.00 from start)
      (enter) Compute answer to H-query          	[             ]	(1774115634.7457s x0.00 from start)
      (leave) Compute answer to H-query          	[0.0049s x1.02]	(1774115634.7507s x0.00 from start)
      (enter) Compute answer to K-query          	[             ]	(1774115634.7507s x0.00 from start)
      (enter) Process scalar vector              	[             ]	(1774115634.7507s x0.00 from start)
        * Elements of w skipped: 96 (31.89%)
        * Elements of w processed with special addition: 107 (35.55%)
        * Elements of w remaining: 98 (32.56%)
      (leave) Process scalar vector              	[0.0001s x1.03]	(1774115634.7507s x0.00 from start)
      (leave) Compute answer to K-query          	[0.0002s x1.03]	(1774115634.7508s x0.00 from start)
    (leave) Compute the proof                  	[0.0055s x1.02]	(1774115634.7509s x0.00 from start)
  (leave) Call to r1cs_ppzksnark_prover      	[0.0073s x1.02]	(1774115634.7509s x0.00 from start)
  * G1 elements in proof: 7
  * G2 elements in proof: 1
  * Proof size in bits: 2294

  * Memory profiling not supported in NO_PROCPS mode

================================================================================
R1CS ppzkSNARK Verifier
================================================================================

  (enter) Call to r1cs_ppzksnark_verifier_strong_IC	[             ]	(1774115634.7509s x0.00 from start)
    (enter) Call to r1cs_ppzksnark_verifier_process_vk	[             ]	(1774115634.7509s x0.00 from start)
      (enter) Call to bn128_ate_precompute_G2    	[             ]	(1774115634.7509s x0.00 from start)
      (leave) Call to bn128_ate_precompute_G2    	[0.0000s x1.03]	(1774115634.7509s x0.00 from start)
      (enter) Call to bn128_ate_precompute_G2    	[             ]	(1774115634.7509s x0.00 from start)
      (leave) Call to bn128_ate_precompute_G2    	[0.0000s x1.03]	(1774115634.7510s x0.00 from start)
      (enter) Call to bn128_ate_precompute_G1    	[             ]	(1774115634.7510s x0.00 from start)
      (leave) Call to bn128_ate_precompute_G1    	[0.0000s x1.08]	(1774115634.7510s x0.00 from start)
      (enter) Call to bn128_ate_precompute_G2    	[             ]	(1774115634.7510s x0.00 from start)
      (leave) Call to bn128_ate_precompute_G2    	[0.0000s x1.03]	(1774115634.7511s x0.00 from start)
      (enter) Call to bn128_ate_precompute_G2    	[             ]	(1774115634.7511s x0.00 from start)
      (leave) Call to bn128_ate_precompute_G2    	[0.0001s x1.03]	(1774115634.7511s x0.00 from start)
      (enter) Call to bn128_ate_precompute_G2    	[             ]	(1774115634.7511s x0.00 from start)
      (leave) Call to bn128_ate_precompute_G2    	[0.0001s x1.03]	(1774115634.7512s x0.00 from start)
      (enter) Call to bn128_ate_precompute_G1    	[             ]	(1774115634.7512s x0.00 from start)
      (leave) Call to bn128_ate_precompute_G1    	[0.0000s x1.07]	(1774115634.7512s x0.00 from start)
      (enter) Call to bn128_ate_precompute_G2    	[             ]	(1774115634.7512s x0.00 from start)
      (leave) Call to bn128_ate_precompute_G2    	[0.0001s x1.03]	(1774115634.7513s x0.00 from start)
    (leave) Call to r1cs_ppzksnark_verifier_process_vk	[0.0004s x1.02]	(1774115634.7513s x0.00 from start)
    (enter) Call to r1cs_ppzksnark_online_verifier_strong_IC	[             ]	(1774115634.7513s x0.00 from start)
      (enter) Call to r1cs_ppzksnark_online_verifier_weak_IC	[             ]	(1774115634.7513s x0.00 from start)
        (enter) Compute input-dependent part of A  	[             ]	(1774115634.7513s x0.00 from start)
        (leave) Compute input-dependent part of A  	[0.0000s x1.12]	(1774115634.7513s x0.00 from start)
        (enter) Check if the proof is well-formed  	[             ]	(1774115634.7513s x0.00 from start)
        (leave) Check if the proof is well-formed  	[0.0000s x1.16]	(1774115634.7513s x0.00 from start)
        (enter) Online pairing computations        	[             ]	(1774115634.7513s x0.00 from start)
          (enter) Check knowledge commitment for A is valid	[             ]	(1774115634.7513s x0.00 from start)
            (enter) Call to bn128_ate_precompute_G1    	[             ]	(1774115634.7513s x0.00 from start)
            (leave) Call to bn128_ate_precompute_G1    	[0.0000s x1.09]	(1774115634.7513s x0.00 from start)
            (enter) Call to bn128_ate_precompute_G1    	[             ]	(1774115634.7514s x0.00 from start)
            (leave) Call to bn128_ate_precompute_G1    	[0.0000s x1.07]	(1774115634.7514s x0.00 from start)
            (enter) Call to miller_loop<bn128_pp>      	[             ]	(1774115634.7514s x0.00 from start)
            (leave) Call to miller_loop<bn128_pp>      	[0.0001s x1.03]	(1774115634.7515s x0.00 from start)
            (enter) Call to miller_loop<bn128_pp>      	[             ]	(1774115634.7515s x0.00 from start)
            (leave) Call to miller_loop<bn128_pp>      	[0.0001s x1.02]	(1774115634.7516s x0.00 from start)
            (enter) Call to bn128_final_exponentiation 	[             ]	(1774115634.7516s x0.00 from start)
            (leave) Call to bn128_final_exponentiation 	[0.0002s x1.02]	(1774115634.7518s x0.00 from start)
          (leave) Check knowledge commitment for A is valid	[0.0005s x1.02]	(1774115634.7518s x0.00 from start)
          (enter) Check knowledge commitment for B is valid	[             ]	(1774115634.7518s x0.00 from start)
            (enter) Call to bn128_ate_precompute_G2    	[             ]	(1774115634.7518s x0.00 from start)
            (leave) Call to bn128_ate_precompute_G2    	[0.0001s x1.03]	(1774115634.7519s x0.00 from start)
            (enter) Call to bn128_ate_precompute_G1    	[             ]	(1774115634.7519s x0.00 from start)
            (leave) Call to bn128_ate_precompute_G1    	[0.0000s x1.04]	(1774115634.7519s x0.00 from start)
            (enter) Call to miller_loop<bn128_pp>      	[             ]	(1774115634.7519s x0.00 from start)
            (leave) Call to miller_loop<bn128_pp>      	[0.0001s x1.03]	(1774115634.7520s x0.00 from start)
            (enter) Call to miller_loop<bn128_pp>      	[             ]	(1774115634.7520s x0.00 from start)
            (leave) Call to miller_loop<bn128_pp>      	[0.0002s x1.02]	(1774115634.7522s x0.00 from start)
            (enter) Call to bn128_final_exponentiation 	[             ]	(1774115634.7522s x0.00 from start)
            (leave) Call to bn128_final_exponentiation 	[0.0002s x1.02]	(1774115634.7524s x0.00 from start)
          (leave) Check knowledge commitment for B is valid	[0.0006s x1.02]	(1774115634.7524s x0.00 from start)
          (enter) Check knowledge commitment for C is valid	[             ]	(1774115634.7524s x0.00 from start)
            (enter) Call to bn128_ate_precompute_G1    	[             ]	(1774115634.7524s x0.00 from start)
            (leave) Call to bn128_ate_precompute_G1    	[0.0000s x1.05]	(1774115634.7524s x0.00 from start)
            (enter) Call to bn128_ate_precompute_G1    	[             ]	(1774115634.7525s x0.00 from start)
            (leave) Call to bn128_ate_precompute_G1    	[0.0000s x1.06]	(1774115634.7525s x0.00 from start)
            (enter) Call to miller_loop<bn128_pp>      	[             ]	(1774115634.7525s x0.00 from start)
            (leave) Call to miller_loop<bn128_pp>      	[0.0001s x1.03]	(1774115634.7526s x0.00 from start)
            (enter) Call to miller_loop<bn128_pp>      	[             ]	(1774115634.7526s x0.00 from start)
            (leave) Call to miller_loop<bn128_pp>      	[0.0001s x1.02]	(1774115634.7527s x0.00 from start)
            (enter) Call to bn128_final_exponentiation 	[             ]	(1774115634.7527s x0.00 from start)
            (leave) Call to bn128_final_exponentiation 	[0.0002s x1.02]	(1774115634.7529s x0.00 from start)
          (leave) Check knowledge commitment for C is valid	[0.0005s x1.02]	(1774115634.7529s x0.00 from start)
          (enter) Check QAP divisibility             	[             ]	(1774115634.7529s x0.00 from start)
            (enter) Call to bn128_ate_precompute_G1    	[             ]	(1774115634.7529s x0.00 from start)
            (leave) Call to bn128_ate_precompute_G1    	[0.0000s x1.07]	(1774115634.7529s x0.00 from start)
            (enter) Call to bn128_ate_precompute_G1    	[             ]	(1774115634.7529s x0.00 from start)
            (leave) Call to bn128_ate_precompute_G1    	[0.0000s x1.07]	(1774115634.7529s x0.00 from start)
            (enter) Call to miller_loop<bn128_pp>      	[             ]	(1774115634.7530s x0.00 from start)
            (leave) Call to miller_loop<bn128_pp>      	[0.0001s x1.03]	(1774115634.7531s x0.00 from start)
            (enter) Call to double_miller_loop<bn128_pp>	[             ]	(1774115634.7531s x0.00 from start)
            (leave) Call to double_miller_loop<bn128_pp>	[0.0002s x1.02]	(1774115634.7533s x0.00 from start)
            (enter) Call to bn128_final_exponentiation 	[             ]	(1774115634.7533s x0.00 from start)
            (leave) Call to bn128_final_exponentiation 	[0.0002s x1.02]	(1774115634.7535s x0.00 from start)
          (leave) Check QAP divisibility             	[0.0006s x1.02]	(1774115634.7535s x0.00 from start)
          (enter) Check same coefficients were used  	[             ]	(1774115634.7535s x0.00 from start)
            (enter) Call to bn128_ate_precompute_G1    	[             ]	(1774115634.7535s x0.00 from start)
            (leave) Call to bn128_ate_precompute_G1    	[0.0000s x1.07]	(1774115634.7535s x0.00 from start)
            (enter) Call to bn128_ate_precompute_G1    	[             ]	(1774115634.7535s x0.00 from start)
            (leave) Call to bn128_ate_precompute_G1    	[0.0000s x1.05]	(1774115634.7535s x0.00 from start)
            (enter) Call to miller_loop<bn128_pp>      	[             ]	(1774115634.7535s x0.00 from start)
            (leave) Call to miller_loop<bn128_pp>      	[0.0001s x1.03]	(1774115634.7536s x0.00 from start)
            (enter) Call to double_miller_loop<bn128_pp>	[             ]	(1774115634.7536s x0.00 from start)
            (leave) Call to double_miller_loop<bn128_pp>	[0.0002s x1.02]	(1774115634.7538s x0.00 from start)
            (enter) Call to bn128_final_exponentiation 	[             ]	(1774115634.7538s x0.00 from start)
            (leave) Call to bn128_final_exponentiation 	[0.0002s x1.02]	(1774115634.7540s x0.00 from start)
          (leave) Check same coefficients were used  	[0.0006s x1.02]	(1774115634.7540s x0.00 from start)
        (leave) Online pairing computations        	[0.0027s x1.02]	(1774115634.7540s x0.00 from start)
      (leave) Call to r1cs_ppzksnark_online_verifier_weak_IC	[0.0028s x1.02]	(1774115634.7540s x0.00 from start)
    (leave) Call to r1cs_ppzksnark_online_verifier_strong_IC	[0.0028s x1.02]	(1774115634.7541s x0.00 from start)
  (leave) Call to r1cs_ppzksnark_verifier_strong_IC	[0.0032s x1.02]	(1774115634.7541s x0.00 from start)

  * Memory profiling not supported in NO_PROCPS mode
* The verification result is: PASS

================================================================================
R1CS ppzkSNARK Online Verifier
================================================================================

  (enter) Call to r1cs_ppzksnark_online_verifier_strong_IC	[             ]	(1774115634.7541s x0.00 from start)
    (enter) Call to r1cs_ppzksnark_online_verifier_weak_IC	[             ]	(1774115634.7541s x0.00 from start)
      (enter) Compute input-dependent part of A  	[             ]	(1774115634.7541s x0.00 from start)
      (leave) Compute input-dependent part of A  	[0.0000s x1.31]	(1774115634.7541s x0.00 from start)
      (enter) Check if the proof is well-formed  	[             ]	(1774115634.7541s x0.00 from start)
      (leave) Check if the proof is well-formed  	[0.0000s x1.18]	(1774115634.7541s x0.00 from start)
      (enter) Online pairing computations        	[             ]	(1774115634.7541s x0.00 from start)
        (enter) Check knowledge commitment for A is valid	[             ]	(1774115634.7541s x0.00 from start)
          (enter) Call to bn128_ate_precompute_G1    	[             ]	(1774115634.7541s x0.00 from start)
          (leave) Call to bn128_ate_precompute_G1    	[0.0000s x1.09]	(1774115634.7541s x0.00 from start)
          (enter) Call to bn128_ate_precompute_G1    	[             ]	(1774115634.7541s x0.00 from start)
          (leave) Call to bn128_ate_precompute_G1    	[0.0000s x1.07]	(1774115634.7541s x0.00 from start)
          (enter) Call to miller_loop<bn128_pp>      	[             ]	(1774115634.7541s x0.00 from start)
          (leave) Call to miller_loop<bn128_pp>      	[0.0001s x1.03]	(1774115634.7542s x0.00 from start)
          (enter) Call to miller_loop<bn128_pp>      	[             ]	(1774115634.7542s x0.00 from start)
          (leave) Call to miller_loop<bn128_pp>      	[0.0001s x1.03]	(1774115634.7544s x0.00 from start)
          (enter) Call to bn128_final_exponentiation 	[             ]	(1774115634.7544s x0.00 from start)
          (leave) Call to bn128_final_exponentiation 	[0.0002s x1.02]	(1774115634.7546s x0.00 from start)
        (leave) Check knowledge commitment for A is valid	[0.0005s x1.02]	(1774115634.7546s x0.00 from start)
        (enter) Check knowledge commitment for B is valid	[             ]	(1774115634.7546s x0.00 from start)
          (enter) Call to bn128_ate_precompute_G2    	[             ]	(1774115634.7546s x0.00 from start)
          (leave) Call to bn128_ate_precompute_G2    	[0.0000s x1.03]	(1774115634.7546s x0.00 from start)
          (enter) Call to bn128_ate_precompute_G1    	[             ]	(1774115634.7547s x0.00 from start)
          (leave) Call to bn128_ate_precompute_G1    	[0.0000s x1.08]	(1774115634.7547s x0.00 from start)
          (enter) Call to miller_loop<bn128_pp>      	[             ]	(1774115634.7547s x0.00 from start)
          (leave) Call to miller_loop<bn128_pp>      	[0.0001s x1.02]	(1774115634.7548s x0.00 from start)
          (enter) Call to miller_loop<bn128_pp>      	[             ]	(1774115634.7548s x0.00 from start)
          (leave) Call to miller_loop<bn128_pp>      	[0.0001s x1.02]	(1774115634.7549s x0.00 from start)
          (enter) Call to bn128_final_exponentiation 	[             ]	(1774115634.7549s x0.00 from start)
          (leave) Call to bn128_final_exponentiation 	[0.0002s x1.02]	(1774115634.7551s x0.00 from start)
        (leave) Check knowledge commitment for B is valid	[0.0005s x1.02]	(1774115634.7551s x0.00 from start)
        (enter) Check knowledge commitment for C is valid	[             ]	(1774115634.7551s x0.00 from start)
          (enter) Call to bn128_ate_precompute_G1    	[             ]	(1774115634.7551s x0.00 from start)
          (leave) Call to bn128_ate_precompute_G1    	[0.0000s x1.10]	(1774115634.7551s x0.00 from start)
          (enter) Call to bn128_ate_precompute_G1    	[             ]	(1774115634.7551s x0.00 from start)
          (leave) Call to bn128_ate_precompute_G1    	[0.0000s x1.07]	(1774115634.7551s x0.00 from start)
          (enter) Call to miller_loop<bn128_pp>      	[             ]	(1774115634.7551s x0.00 from start)
          (leave) Call to miller_loop<bn128_pp>      	[0.0001s x1.03]	(1774115634.7553s x0.00 from start)
          (enter) Call to miller_loop<bn128_pp>      	[             ]	(1774115634.7553s x0.00 from start)
          (leave) Call to miller_loop<bn128_pp>      	[0.0001s x1.02]	(1774115634.7554s x0.00 from start)
          (enter) Call to bn128_final_exponentiation 	[             ]	(1774115634.7554s x0.00 from start)
          (leave) Call to bn128_final_exponentiation 	[0.0002s x1.02]	(1774115634.7556s x0.00 from start)
        (leave) Check knowledge commitment for C is valid	[0.0005s x1.02]	(1774115634.7556s x0.00 from start)
        (enter) Check QAP divisibility             	[             ]	(1774115634.7556s x0.00 from start)
          (enter) Call to bn128_ate_precompute_G1    	[             ]	(1774115634.7556s x0.00 from start)
          (leave) Call to bn128_ate_precompute_G1    	[0.0000s x1.06]	(1774115634.7556s x0.00 from start)
          (enter) Call to bn128_ate_precompute_G1    	[             ]	(1774115634.7556s x0.00 from start)
          (leave) Call to bn128_ate_precompute_G1    	[0.0000s x1.06]	(1774115634.7556s x0.00 from start)
          (enter) Call to miller_loop<bn128_pp>      	[             ]	(1774115634.7556s x0.00 from start)
          (leave) Call to miller_loop<bn128_pp>      	[0.0001s x1.03]	(1774115634.7558s x0.00 from start)
          (enter) Call to double_miller_loop<bn128_pp>	[             ]	(1774115634.7558s x0.00 from start)
          (leave) Call to double_miller_loop<bn128_pp>	[0.0002s x1.02]	(1774115634.7560s x0.00 from start)
          (enter) Call to bn128_final_exponentiation 	[             ]	(1774115634.7560s x0.00 from start)
          (leave) Call to bn128_final_exponentiation 	[0.0002s x1.02]	(1774115634.7562s x0.00 from start)
        (leave) Check QAP divisibility             	[0.0006s x1.02]	(1774115634.7562s x0.00 from start)
        (enter) Check same coefficients were used  	[             ]	(1774115634.7562s x0.00 from start)
          (enter) Call to bn128_ate_precompute_G1    	[             ]	(1774115634.7562s x0.00 from start)
          (leave) Call to bn128_ate_precompute_G1    	[0.0000s x1.06]	(1774115634.7562s x0.00 from start)
          (enter) Call to bn128_ate_precompute_G1    	[             ]	(1774115634.7562s x0.00 from start)
          (leave) Call to bn128_ate_precompute_G1    	[0.0000s x1.06]	(1774115634.7562s x0.00 from start)
          (enter) Call to miller_loop<bn128_pp>      	[             ]	(1774115634.7562s x0.00 from start)
          (leave) Call to miller_loop<bn128_pp>      	[0.0001s x1.02]	(1774115634.7563s x0.00 from start)
          (enter) Call to double_miller_loop<bn128_pp>	[             ]	(1774115634.7563s x0.00 from start)
          (leave) Call to double_miller_loop<bn128_pp>	[0.0003s x1.03]	(1774115634.7566s x0.00 from start)
          (enter) Call to bn128_final_exponentiation 	[             ]	(1774115634.7566s x0.00 from start)
          (leave) Call to bn128_final_exponentiation 	[0.0002s x1.02]	(1774115634.7568s x0.00 from start)
        (leave) Check same coefficients were used  	[0.0006s x1.02]	(1774115634.7568s x0.00 from start)
      (leave) Online pairing computations        	[0.0027s x1.02]	(1774115634.7568s x0.00 from start)
    (leave) Call to r1cs_ppzksnark_online_verifier_weak_IC	[0.0028s x1.02]	(1774115634.7568s x0.00 from start)
  (leave) Call to r1cs_ppzksnark_online_verifier_strong_IC	[0.0028s x1.02]	(1774115634.7568s x0.00 from start)

================================================================================
R1CS ppzkSNARK Affine Verifier
================================================================================

Affine verifier is not supported; not testing anything.
(leave) Call to run_r1cs_ppzksnark         	[0.0397s x1.02]	(1774115634.7569s x0.00 from start)
[       OK ] gadgetLib2.Integration (40 ms)
[----------] 1 test from gadgetLib2 (40 ms total)

[----------] Global test environment tear-down
[==========] 1 test from 1 test case ran. (40 ms total)
[  PASSED  ] 1 test.
<end of output>
Test time =   0.04 sec
----------------------------------------------------------
Test Passed.
"gadgetlib2_integration_test" end time: Mar 21 17:53 UTC
"gadgetlib2_integration_test" time elapsed: 00:00:00
----------------------------------------------------------

8/23 Testing: gadgetlib2_protoboard_test
8/23 Test: gadgetlib2_protoboard_test
Command: "/home/buitruongnhatquang-23521276/libsnark/build/libsnark/gadgetlib2_protoboard_test"
Directory: /home/buitruongnhatquang-23521276/libsnark/build/libsnark
"gadgetlib2_protoboard_test" start time: Mar 21 17:53 UTC
Output:
----------------------------------------------------------
Running main() from gtest_main.cc
[==========] Running 4 tests from 1 test case.
[----------] Global test environment set-up.
[----------] 4 tests from gadgetLib2
[ RUN      ] gadgetLib2.R1P_enforceBooleanity
[       OK ] gadgetLib2.R1P_enforceBooleanity (0 ms)
[ RUN      ] gadgetLib2.Protoboard_unpackedWordAssignmentEqualsValue_R1P
[       OK ] gadgetLib2.Protoboard_unpackedWordAssignmentEqualsValue_R1P (0 ms)
[ RUN      ] gadgetLib2.Protoboard_multipackedWordAssignmentEqualsValue_R1P
ERROR:  Fatal error encountered. Run debug build for more information and stack trace.

[       OK ] gadgetLib2.Protoboard_multipackedWordAssignmentEqualsValue_R1P (1 ms)
[ RUN      ] gadgetLib2.Protoboard_dualWordAssignmentEqualsValue_R1P
[       OK ] gadgetLib2.Protoboard_dualWordAssignmentEqualsValue_R1P (0 ms)
[----------] 4 tests from gadgetLib2 (1 ms total)

[----------] Global test environment tear-down
[==========] 4 tests from 1 test case ran. (1 ms total)
[  PASSED  ] 4 tests.
<end of output>
Test time =   0.01 sec
----------------------------------------------------------
Test Passed.
"gadgetlib2_protoboard_test" end time: Mar 21 17:53 UTC
"gadgetlib2_protoboard_test" time elapsed: 00:00:00
----------------------------------------------------------

9/23 Testing: gadgetlib2_variable_test
9/23 Test: gadgetlib2_variable_test
Command: "/home/buitruongnhatquang-23521276/libsnark/build/libsnark/gadgetlib2_variable_test"
Directory: /home/buitruongnhatquang-23521276/libsnark/build/libsnark
"gadgetlib2_variable_test" start time: Mar 21 17:53 UTC
Output:
----------------------------------------------------------
Running main() from gtest_main.cc
[==========] Running 51 tests from 1 test case.
[----------] Global test environment set-up.
[----------] 51 tests from gadgetLib2
[ RUN      ] gadgetLib2.VariableNaming
[       OK ] gadgetLib2.VariableNaming (0 ms)
[ RUN      ] gadgetLib2.VariableStrictOrdering
[       OK ] gadgetLib2.VariableStrictOrdering (0 ms)
[ RUN      ] gadgetLib2.VariableSet
[       OK ] gadgetLib2.VariableSet (0 ms)
[ RUN      ] gadgetLib2.VariableArray
[       OK ] gadgetLib2.VariableArray (1 ms)
[ RUN      ] gadgetLib2.VariableEval
[       OK ] gadgetLib2.VariableEval (0 ms)
[ RUN      ] gadgetLib2.FElem_FConst_fromLong
[       OK ] gadgetLib2.FElem_FConst_fromLong (0 ms)
[ RUN      ] gadgetLib2.FElem_FConst_fromInt
[       OK ] gadgetLib2.FElem_FConst_fromInt (0 ms)
[ RUN      ] gadgetLib2.FElem_FConst_copy
[       OK ] gadgetLib2.FElem_FConst_copy (1 ms)
[ RUN      ] gadgetLib2.FElem_FConst_move
[       OK ] gadgetLib2.FElem_FConst_move (0 ms)
[ RUN      ] gadgetLib2.FElem_FConst_assignment
[       OK ] gadgetLib2.FElem_FConst_assignment (0 ms)
[ RUN      ] gadgetLib2.FElem_FConst_asString
[       OK ] gadgetLib2.FElem_FConst_asString (0 ms)
[ RUN      ] gadgetLib2.FElem_FConst_fieldType
[       OK ] gadgetLib2.FElem_FConst_fieldType (0 ms)
[ RUN      ] gadgetLib2.FElem_FConst_operatorEquals
[       OK ] gadgetLib2.FElem_FConst_operatorEquals (0 ms)
[ RUN      ] gadgetLib2.FElem_FConst_operatorPlus
[       OK ] gadgetLib2.FElem_FConst_operatorPlus (0 ms)
[ RUN      ] gadgetLib2.FElem_FConst_operatorMinus
[       OK ] gadgetLib2.FElem_FConst_operatorMinus (0 ms)
[ RUN      ] gadgetLib2.FElem_FConst_operatorTimes
[       OK ] gadgetLib2.FElem_FConst_operatorTimes (1 ms)
[ RUN      ] gadgetLib2.FElem_FConst_operatorUnaryMinus
[       OK ] gadgetLib2.FElem_FConst_operatorUnaryMinus (0 ms)
[ RUN      ] gadgetLib2.FElem_FConst_operatorNotEquals
[       OK ] gadgetLib2.FElem_FConst_operatorNotEquals (0 ms)
[ RUN      ] gadgetLib2.FElem_FConst_inverse
[       OK ] gadgetLib2.FElem_FConst_inverse (0 ms)
[ RUN      ] gadgetLib2.FElem_R1P_Elem_constructor
[       OK ] gadgetLib2.FElem_R1P_Elem_constructor (0 ms)
[ RUN      ] gadgetLib2.FElem_R1P_Elem_copy
[       OK ] gadgetLib2.FElem_R1P_Elem_copy (0 ms)
[ RUN      ] gadgetLib2.FElem_R1P_Elem_assignment
[       OK ] gadgetLib2.FElem_R1P_Elem_assignment (0 ms)
[ RUN      ] gadgetLib2.FElem_R1P_Elem_move
[       OK ] gadgetLib2.FElem_R1P_Elem_move (0 ms)
[ RUN      ] gadgetLib2.FElem_R1P_Elem_assignFromLong
[       OK ] gadgetLib2.FElem_R1P_Elem_assignFromLong (1 ms)
[ RUN      ] gadgetLib2.FElem_R1P_Elem_asString
[       OK ] gadgetLib2.FElem_R1P_Elem_asString (0 ms)
[ RUN      ] gadgetLib2.FElem_R1P_Elem_fieldType
[       OK ] gadgetLib2.FElem_R1P_Elem_fieldType (0 ms)
[ RUN      ] gadgetLib2.FElem_R1P_Elem_operatorEquals
[       OK ] gadgetLib2.FElem_R1P_Elem_operatorEquals (0 ms)
[ RUN      ] gadgetLib2.FElem_R1P_Elem_negativeNums
[       OK ] gadgetLib2.FElem_R1P_Elem_negativeNums (0 ms)
[ RUN      ] gadgetLib2.FElem_R1P_Elem_operatorTimes
[       OK ] gadgetLib2.FElem_R1P_Elem_operatorTimes (0 ms)
[ RUN      ] gadgetLib2.FElem_R1P_Elem_operatorPlus
[       OK ] gadgetLib2.FElem_R1P_Elem_operatorPlus (0 ms)
[ RUN      ] gadgetLib2.FElem_R1P_Elem_operatorMinus
[       OK ] gadgetLib2.FElem_R1P_Elem_operatorMinus (0 ms)
[ RUN      ] gadgetLib2.FElem_R1P_Elem_operatorUnaryMinus
[       OK ] gadgetLib2.FElem_R1P_Elem_operatorUnaryMinus (1 ms)
[ RUN      ] gadgetLib2.FElem_R1P_Elem_inverse
[       OK ] gadgetLib2.FElem_R1P_Elem_inverse (0 ms)
[ RUN      ] gadgetLib2.LinearTermConstructors
[       OK ] gadgetLib2.LinearTermConstructors (0 ms)
[ RUN      ] gadgetLib2.LinearTermUnaryMinus
[       OK ] gadgetLib2.LinearTermUnaryMinus (0 ms)
[ RUN      ] gadgetLib2.LinearTermFieldType
[       OK ] gadgetLib2.LinearTermFieldType (0 ms)
[ RUN      ] gadgetLib2.LinearTermAsString
[       OK ] gadgetLib2.LinearTermAsString (0 ms)
[ RUN      ] gadgetLib2.LinearTermOperatorTimes
[       OK ] gadgetLib2.LinearTermOperatorTimes (0 ms)
[ RUN      ] gadgetLib2.LinearCombination
[       OK ] gadgetLib2.LinearCombination (0 ms)
[ RUN      ] gadgetLib2.MonomialConstructors
[       OK ] gadgetLib2.MonomialConstructors (1 ms)
[ RUN      ] gadgetLib2.MonomialUnaryMinus
[       OK ] gadgetLib2.MonomialUnaryMinus (0 ms)
[ RUN      ] gadgetLib2.MonomialOperatorTimes
[       OK ] gadgetLib2.MonomialOperatorTimes (0 ms)
[ RUN      ] gadgetLib2.MonomialUsedVariables
[       OK ] gadgetLib2.MonomialUsedVariables (0 ms)
[ RUN      ] gadgetLib2.MonomialAsString
[       OK ] gadgetLib2.MonomialAsString (0 ms)
[ RUN      ] gadgetLib2.PolynomialConstructors
[       OK ] gadgetLib2.PolynomialConstructors (0 ms)
[ RUN      ] gadgetLib2.PolynomialUsedVariables
[       OK ] gadgetLib2.PolynomialUsedVariables (0 ms)
[ RUN      ] gadgetLib2.PolynomialOperatorPlus
[       OK ] gadgetLib2.PolynomialOperatorPlus (0 ms)
[ RUN      ] gadgetLib2.PolynomialAsString
[       OK ] gadgetLib2.PolynomialAsString (1 ms)
[ RUN      ] gadgetLib2.PolynomialOperatorTimes
[       OK ] gadgetLib2.PolynomialOperatorTimes (0 ms)
[ RUN      ] gadgetLib2.PolynomialOperatorMinus
[       OK ] gadgetLib2.PolynomialOperatorMinus (0 ms)
[ RUN      ] gadgetLib2.PolynomialUnaryMinus
[       OK ] gadgetLib2.PolynomialUnaryMinus (0 ms)
[----------] 51 tests from gadgetLib2 (7 ms total)

[----------] Global test environment tear-down
[==========] 51 tests from 1 test case ran. (7 ms total)
[  PASSED  ] 51 tests.
<end of output>
Test time =   0.01 sec
----------------------------------------------------------
Test Passed.
"gadgetlib2_variable_test" end time: Mar 21 17:53 UTC
"gadgetlib2_variable_test" time elapsed: 00:00:00
----------------------------------------------------------

10/23 Testing: relations_qap_test
10/23 Test: relations_qap_test
Command: "/home/buitruongnhatquang-23521276/libsnark/build/libsnark/relations_qap_test"
Directory: /home/buitruongnhatquang-23521276/libsnark/build/libsnark
"relations_qap_test" start time: Mar 21 17:53 UTC
Output:
----------------------------------------------------------
Reset time counters for profiling
[...]
    (leave) Check satisfiability of SSP instance 2	[0.0000s x1.20]	(8.3597s x0.94 from start)
  (leave) Call to test_ssp                   	[0.0148s x1.02]	(8.3597s x0.94 from start)
  (enter) Call to test_ssp                   	[             ]	(8.3599s x0.94 from start)
    * Number of constraints: 262144
    * Number of inputs: 10
    * Input type: field
    (enter) Generate constraint system and assignment	[             ]	(8.3599s x0.94 from start)
      (enter) Call to generate_uscs_example_with_field_input	[             ]	(8.3599s x0.94 from start)
      (leave) Call to generate_uscs_example_with_field_input	[0.6982s x1.01]	(9.0581s x0.94 from start)
    (leave) Generate constraint system and assignment	[0.7093s x1.01]	(9.0692s x0.94 from start)
    (enter) Check satisfiability of constraint system	[             ]	(9.0693s x0.94 from start)
    (leave) Check satisfiability of constraint system	[0.0000s x1.01]	(9.0693s x0.94 from start)
    (enter) Compute SSP instance 1             	[             ]	(9.0693s x0.94 from start)
      (enter) Call to uscs_to_ssp_instance_map   	[             ]	(9.0693s x0.94 from start)
        (enter) Compute polynomials V in Lagrange basis	[             ]	(9.0693s x0.94 from start)
        (leave) Compute polynomials V in Lagrange basis	[0.1211s x1.02]	(9.1904s x0.94 from start)
      (leave) Call to uscs_to_ssp_instance_map   	[0.1212s x1.02]	(9.1905s x0.94 from start)
    (leave) Compute SSP instance 1             	[0.1212s x1.02]	(9.1905s x0.94 from start)
    (enter) Compute SSP instance 2             	[             ]	(9.1905s x0.94 from start)
      (enter) Call to uscs_to_ssp_instance_map_with_evaluation	[             ]	(9.1905s x0.94 from start)
        (enter) Compute evaluations of V and H at t	[             ]	(9.1922s x0.94 from start)
        (leave) Compute evaluations of V and H at t	[0.7003s x1.02]	(9.8925s x0.95 from start)
      (leave) Call to uscs_to_ssp_instance_map_with_evaluation	[0.7021s x1.02]	(9.8926s x0.95 from start)
    (leave) Compute SSP instance 2             	[0.7021s x1.02]	(9.8926s x0.95 from start)
    (enter) Compute SSP witness                	[             ]	(9.8926s x0.95 from start)
      (enter) Call to uscs_to_ssp_witness_map    	[             ]	(9.8926s x0.95 from start)
        (enter) Compute evaluation of polynomial V on set S	[             ]	(9.8941s x0.95 from start)
        (leave) Compute evaluation of polynomial V on set S	[0.1104s x1.02]	(10.0045s x0.95 from start)
        (enter) Compute coefficients of polynomial V	[             ]	(10.0046s x0.95 from start)
        (leave) Compute coefficients of polynomial V	[0.4082s x1.02]	(10.4128s x0.95 from start)
        (enter) Compute ZK-patch                   	[             ]	(10.4128s x0.95 from start)
        (leave) Compute ZK-patch                   	[0.0497s x1.02]	(10.4625s x0.95 from start)
        (enter) Compute evaluation of polynomial V on set T	[             ]	(10.4626s x0.95 from start)
        (leave) Compute evaluation of polynomial V on set T	[0.3961s x1.02]	(10.8586s x0.96 from start)
        (enter) Compute evaluation of polynomial H on set T	[             ]	(10.8587s x0.96 from start)
          (enter) Divide by Z on set T               	[             ]	(10.8919s x0.96 from start)
          (leave) Divide by Z on set T               	[0.0134s x1.02]	(10.9052s x0.96 from start)
        (leave) Compute evaluation of polynomial H on set T	[0.0466s x1.02]	(10.9053s x0.96 from start)
        (enter) Compute coefficients of polynomial H	[             ]	(10.9053s x0.96 from start)
        (leave) Compute coefficients of polynomial H	[0.4396s x1.02]	(11.3448s x0.96 from start)
        (enter) Compute sum of H and ZK-patch      	[             ]	(11.3449s x0.96 from start)
        (leave) Compute sum of H and ZK-patch      	[0.0048s x1.02]	(11.3497s x0.96 from start)
      (leave) Call to uscs_to_ssp_witness_map    	[1.4571s x1.02]	(11.3497s x0.96 from start)
    (leave) Compute SSP witness                	[1.4601s x1.02]	(11.3527s x0.96 from start)
    (enter) Check satisfiability of SSP instance 1	[             ]	(11.3527s x0.96 from start)
    (leave) Check satisfiability of SSP instance 1	[0.0000s x1.10]	(11.3527s x0.96 from start)
    (enter) Check satisfiability of SSP instance 2	[             ]	(11.3527s x0.96 from start)
    (leave) Check satisfiability of SSP instance 2	[0.0000s x1.21]	(11.3527s x0.96 from start)
  (leave) Call to test_ssp                   	[2.9928s x1.02]	(11.3527s x0.96 from start)
  (enter) Call to test_ssp                   	[             ]	(11.5348s x0.96 from start)
    * Number of constraints: 262143
    * Number of inputs: 10
    * Input type: field
    (enter) Generate constraint system and assignment	[             ]	(11.5349s x0.96 from start)
      (enter) Call to generate_uscs_example_with_field_input	[             ]	(11.5349s x0.96 from start)
      (leave) Call to generate_uscs_example_with_field_input	[0.7436s x1.02]	(12.2785s x0.96 from start)
    (leave) Generate constraint system and assignment	[0.7602s x1.02]	(12.2951s x0.96 from start)
    (enter) Check satisfiability of constraint system	[             ]	(12.2951s x0.96 from start)
    (leave) Check satisfiability of constraint system	[0.0000s x1.05]	(12.2951s x0.96 from start)
    (enter) Compute SSP instance 1             	[             ]	(12.2952s x0.96 from start)
      (enter) Call to uscs_to_ssp_instance_map   	[             ]	(12.2952s x0.96 from start)
        (enter) Compute polynomials V in Lagrange basis	[             ]	(12.2952s x0.96 from start)
        (leave) Compute polynomials V in Lagrange basis	[0.1419s x1.02]	(12.4371s x0.96 from start)
      (leave) Call to uscs_to_ssp_instance_map   	[0.1420s x1.02]	(12.4372s x0.96 from start)
    (leave) Compute SSP instance 1             	[0.1420s x1.02]	(12.4372s x0.96 from start)
    (enter) Compute SSP instance 2             	[             ]	(12.4372s x0.96 from start)
      (enter) Call to uscs_to_ssp_instance_map_with_evaluation	[             ]	(12.4372s x0.96 from start)
        (enter) Compute evaluations of V and H at t	[             ]	(12.4391s x0.96 from start)
        (leave) Compute evaluations of V and H at t	[0.6627s x1.02]	(13.1018s x0.97 from start)
      (leave) Call to uscs_to_ssp_instance_map_with_evaluation	[0.6646s x1.02]	(13.1018s x0.97 from start)
    (leave) Compute SSP instance 2             	[0.6646s x1.02]	(13.1018s x0.97 from start)
    (enter) Compute SSP witness                	[             ]	(13.1018s x0.97 from start)
      (enter) Call to uscs_to_ssp_witness_map    	[             ]	(13.1018s x0.97 from start)
        (enter) Compute evaluation of polynomial V on set S	[             ]	(13.1034s x0.97 from start)
        (leave) Compute evaluation of polynomial V on set S	[0.0952s x1.02]	(13.1986s x0.97 from start)
        (enter) Compute coefficients of polynomial V	[             ]	(13.1987s x0.97 from start)
        (leave) Compute coefficients of polynomial V	[0.3991s x1.02]	(13.5977s x0.97 from start)
        (enter) Compute ZK-patch                   	[             ]	(13.5978s x0.97 from start)
        (leave) Compute ZK-patch                   	[0.0466s x1.02]	(13.6444s x0.97 from start)
        (enter) Compute evaluation of polynomial V on set T	[             ]	(13.6445s x0.97 from start)
        (leave) Compute evaluation of polynomial V on set T	[0.4006s x1.02]	(14.0451s x0.97 from start)
        (enter) Compute evaluation of polynomial H on set T	[             ]	(14.0451s x0.97 from start)
          (enter) Divide by Z on set T               	[             ]	(14.0775s x0.97 from start)
          (leave) Divide by Z on set T               	[0.0134s x1.02]	(14.0908s x0.97 from start)
        (leave) Compute evaluation of polynomial H on set T	[0.0458s x1.02]	(14.0909s x0.97 from start)
        (enter) Compute coefficients of polynomial H	[             ]	(14.0909s x0.97 from start)
        (leave) Compute coefficients of polynomial H	[0.4249s x1.02]	(14.5158s x0.97 from start)
        (enter) Compute sum of H and ZK-patch      	[             ]	(14.5158s x0.97 from start)
        (leave) Compute sum of H and ZK-patch      	[0.0050s x1.02]	(14.5208s x0.97 from start)
      (leave) Call to uscs_to_ssp_witness_map    	[1.4190s x1.02]	(14.5209s x0.97 from start)
    (leave) Compute SSP witness                	[1.4221s x1.02]	(14.5239s x0.97 from start)
    (enter) Check satisfiability of SSP instance 1	[             ]	(14.5240s x0.97 from start)
    (leave) Check satisfiability of SSP instance 1	[0.0000s x1.00]	(14.5240s x0.97 from start)
    (enter) Check satisfiability of SSP instance 2	[             ]	(14.5240s x0.97 from start)
    (leave) Check satisfiability of SSP instance 2	[0.0000s x1.27]	(14.5240s x0.97 from start)
  (leave) Call to test_ssp                   	[2.9892s x1.02]	(14.5240s x0.97 from start)
(leave) Test SSP for field inputs          	[8.4333s x0.94]	(14.6934s x0.97 from start)
<end of output>
Test time =  14.00 sec
----------------------------------------------------------
Test Passed.
"relations_ssp_test" end time: Mar 21 17:54 UTC
"relations_ssp_test" time elapsed: 00:00:14
----------------------------------------------------------

13/23 Testing: zk_proof_systems_bacs_ppzksnark_test
13/23 Test: zk_proof_systems_bacs_ppzksnark_test
Command: "/home/buitruongnhatquang-23521276/libsnark/build/libsnark/zk_proof_systems_bacs_ppzksnark_test"
Directory: /home/buitruongnhatquang-23521276/libsnark/build/libsnark
"zk_proof_systems_bacs_ppzksnark_test" start time: Mar 21 17:54 UTC
Output:
----------------------------------------------------------
All tests here depend on assert() which is disabled by -DNDEBUG. Please recompile and run again.
<end of output>
Test time =   0.00 sec
----------------------------------------------------------
Test Passed.
"zk_proof_systems_bacs_ppzksnark_test" end time: Mar 21 17:54 UTC
"zk_proof_systems_bacs_ppzksnark_test" time elapsed: 00:00:00
----------------------------------------------------------

14/23 Testing: zk_proof_systems_r1cs_ppzksnark_test
14/23 Test: zk_proof_systems_r1cs_ppzksnark_test
Command: "/home/buitruongnhatquang-23521276/libsnark/build/libsnark/zk_proof_systems_r1cs_ppzksnark_test"
Directory: /home/buitruongnhatquang-23521276/libsnark/build/libsnark
"zk_proof_systems_r1cs_ppzksnark_test" start time: Mar 21 17:54 UTC
Output:
----------------------------------------------------------
All tests here depend on assert() which is disabled by -DNDEBUG. Please recompile and run again.
<end of output>
Test time =   0.00 sec
----------------------------------------------------------
Test Passed.
"zk_proof_systems_r1cs_ppzksnark_test" end time: Mar 21 17:54 UTC
"zk_proof_systems_r1cs_ppzksnark_test" time elapsed: 00:00:00
----------------------------------------------------------

15/23 Testing: zk_proof_systems_r1cs_se_ppzksnark_test
15/23 Test: zk_proof_systems_r1cs_se_ppzksnark_test
Command: "/home/buitruongnhatquang-23521276/libsnark/build/libsnark/zk_proof_systems_r1cs_se_ppzksnark_test"
Directory: /home/buitruongnhatquang-23521276/libsnark/build/libsnark
"zk_proof_systems_r1cs_se_ppzksnark_test" start time: Mar 21 17:54 UTC
Output:
----------------------------------------------------------
All tests here depend on assert() which is disabled by -DNDEBUG. Please recompile and run again.
<end of output>
Test time =   0.00 sec
----------------------------------------------------------
Test Passed.
"zk_proof_systems_r1cs_se_ppzksnark_test" end time: Mar 21 17:54 UTC
"zk_proof_systems_r1cs_se_ppzksnark_test" time elapsed: 00:00:00
----------------------------------------------------------

16/23 Testing: zk_proof_systems_r1cs_gg_ppzksnark_test
16/23 Test: zk_proof_systems_r1cs_gg_ppzksnark_test
Command: "/home/buitruongnhatquang-23521276/libsnark/build/libsnark/zk_proof_systems_r1cs_gg_ppzksnark_test"
Directory: /home/buitruongnhatquang-23521276/libsnark/build/libsnark
"zk_proof_systems_r1cs_gg_ppzksnark_test" start time: Mar 21 17:54 UTC
Output:
----------------------------------------------------------
All tests here depend on assert() which is disabled by -DNDEBUG. Please recompile and run again.
<end of output>
Test time =   0.00 sec
----------------------------------------------------------
Test Passed.
"zk_proof_systems_r1cs_gg_ppzksnark_test" end time: Mar 21 17:54 UTC
"zk_proof_systems_r1cs_gg_ppzksnark_test" time elapsed: 00:00:00
----------------------------------------------------------

17/23 Testing: zk_proof_systems_ram_ppzksnark_test
17/23 Test: zk_proof_systems_ram_ppzksnark_test
Command: "/home/buitruongnhatquang-23521276/libsnark/build/libsnark/zk_proof_systems_ram_ppzksnark_test"
Directory: /home/buitruongnhatquang-23521276/libsnark/build/libsnark
"zk_proof_systems_ram_ppzksnark_test" start time: Mar 21 17:54 UTC
Output:
----------------------------------------------------------
All tests here depend on assert() which is disabled by -DNDEBUG. Please recompile and run again.
<end of output>
Test time =   0.00 sec
----------------------------------------------------------
Test Passed.
"zk_proof_systems_ram_ppzksnark_test" end time: Mar 21 17:54 UTC
"zk_proof_systems_ram_ppzksnark_test" time elapsed: 00:00:00
----------------------------------------------------------

18/23 Testing: zk_proof_systems_tbcs_ppzksnark_test
18/23 Test: zk_proof_systems_tbcs_ppzksnark_test
Command: "/home/buitruongnhatquang-23521276/libsnark/build/libsnark/zk_proof_systems_tbcs_ppzksnark_test"
Directory: /home/buitruongnhatquang-23521276/libsnark/build/libsnark
"zk_proof_systems_tbcs_ppzksnark_test" start time: Mar 21 17:54 UTC
Output:
----------------------------------------------------------
All tests here depend on assert() which is disabled by -DNDEBUG. Please recompile and run again.
<end of output>
Test time =   0.00 sec
----------------------------------------------------------
Test Passed.
"zk_proof_systems_tbcs_ppzksnark_test" end time: Mar 21 17:54 UTC
"zk_proof_systems_tbcs_ppzksnark_test" time elapsed: 00:00:00
----------------------------------------------------------

19/23 Testing: zk_proof_systems_uscs_ppzksnark_test
19/23 Test: zk_proof_systems_uscs_ppzksnark_test
Command: "/home/buitruongnhatquang-23521276/libsnark/build/libsnark/zk_proof_systems_uscs_ppzksnark_test"
Directory: /home/buitruongnhatquang-23521276/libsnark/build/libsnark
"zk_proof_systems_uscs_ppzksnark_test" start time: Mar 21 17:54 UTC
Output:
----------------------------------------------------------
All tests here depend on assert() which is disabled by -DNDEBUG. Please recompile and run again.
<end of output>
Test time =   0.00 sec
----------------------------------------------------------
Test Passed.
"zk_proof_systems_uscs_ppzksnark_test" end time: Mar 21 17:54 UTC
"zk_proof_systems_uscs_ppzksnark_test" time elapsed: 00:00:00
----------------------------------------------------------

20/23 Testing: test_knapsack_gadget
20/23 Test: test_knapsack_gadget
Command: "/home/buitruongnhatquang-23521276/libsnark/build/libsnark/test_knapsack_gadget"
Directory: /home/buitruongnhatquang-23521276/libsnark/build/libsnark
"test_knapsack_gadget" start time: Mar 21 17:54 UTC
Output:
----------------------------------------------------------
All tests here depend on assert() which is disabled by -DNDEBUG. Please recompile and run again.
All tests here depend on assert() which is disabled by -DNDEBUG. Please recompile and run again.
All tests here depend on assert() which is disabled by -DNDEBUG. Please recompile and run again.
All tests here depend on assert() which is disabled by -DNDEBUG. Please recompile and run again.
<end of output>
Test time =   0.00 sec
----------------------------------------------------------
Test Passed.
"test_knapsack_gadget" end time: Mar 21 17:54 UTC
"test_knapsack_gadget" time elapsed: 00:00:00
----------------------------------------------------------

21/23 Testing: test_merkle_tree_gadgets
21/23 Test: test_merkle_tree_gadgets
Command: "/home/buitruongnhatquang-23521276/libsnark/build/libsnark/test_merkle_tree_gadgets"
Directory: /home/buitruongnhatquang-23521276/libsnark/build/libsnark
"test_merkle_tree_gadgets" start time: Mar 21 17:54 UTC
Output:
----------------------------------------------------------
Reset time counters for profiling
All tests here depend on assert() which is disabled by -DNDEBUG. Please recompile and run again.
All tests here depend on assert() which is disabled by -DNDEBUG. Please recompile and run again.
All tests here depend on assert() which is disabled by -DNDEBUG. Please recompile and run again.
All tests here depend on assert() which is disabled by -DNDEBUG. Please recompile and run again.
All tests here depend on assert() which is disabled by -DNDEBUG. Please recompile and run again.
All tests here depend on assert() which is disabled by -DNDEBUG. Please recompile and run again.
All tests here depend on assert() which is disabled by -DNDEBUG. Please recompile and run again.
All tests here depend on assert() which is disabled by -DNDEBUG. Please recompile and run again.
All tests here depend on assert() which is disabled by -DNDEBUG. Please recompile and run again.
All tests here depend on assert() which is disabled by -DNDEBUG. Please recompile and run again.
All tests here depend on assert() which is disabled by -DNDEBUG. Please recompile and run again.
All tests here depend on assert() which is disabled by -DNDEBUG. Please recompile and run again.
All tests here depend on assert() which is disabled by -DNDEBUG. Please recompile and run again.
All tests here depend on assert() which is disabled by -DNDEBUG. Please recompile and run again.
All tests here depend on assert() which is disabled by -DNDEBUG. Please recompile and run again.
All tests here depend on assert() which is disabled by -DNDEBUG. Please recompile and run again.
<end of output>
Test time =   0.00 sec
----------------------------------------------------------
Test Passed.
"test_merkle_tree_gadgets" end time: Mar 21 17:54 UTC
"test_merkle_tree_gadgets" time elapsed: 00:00:00
----------------------------------------------------------

22/23 Testing: test_set_commitment_gadget
22/23 Test: test_set_commitment_gadget
Command: "/home/buitruongnhatquang-23521276/libsnark/build/libsnark/test_set_commitment_gadget"
Directory: /home/buitruongnhatquang-23521276/libsnark/build/libsnark
"test_set_commitment_gadget" start time: Mar 21 17:54 UTC
Output:
----------------------------------------------------------
Reset time counters for profiling
membership tests OK
non-membership test OK
membership tests OK
non-membership test OK
membership tests OK
non-membership test OK
membership tests OK
non-membership test OK
membership tests OK
non-membership test OK
membership tests OK
non-membership test OK
membership tests OK
non-membership test OK
membership tests OK
non-membership test OK
<end of output>
Test time =   7.96 sec
----------------------------------------------------------
Test Passed.
"test_set_commitment_gadget" end time: Mar 21 17:54 UTC
"test_set_commitment_gadget" time elapsed: 00:00:07
----------------------------------------------------------

23/23 Testing: test_sha256_gadget
23/23 Test: test_sha256_gadget
Command: "/home/buitruongnhatquang-23521276/libsnark/build/libsnark/test_sha256_gadget"
Directory: /home/buitruongnhatquang-23521276/libsnark/build/libsnark
"test_sha256_gadget" start time: Mar 21 17:54 UTC
Output:
----------------------------------------------------------
Reset time counters for profiling
Number of constraints for sha256_two_to_one_hash_gadget: 27280
<end of output>
Test time =   0.04 sec
----------------------------------------------------------
Test Passed.
"test_sha256_gadget" end time: Mar 21 17:54 UTC
"test_sha256_gadget" time elapsed: 00:00:00
----------------------------------------------------------

End testing: Mar 21 17:54 UTC
